Problems running dot: exit code=127, command='dot', arguments='"/home/esdentem/projects/libopencm3/libopencm3-git/doc/lpc43xx/html/ssp_8c_a367036890409f4a16496ffafa6ad6471_cgraph.dot" -Tpng -o "/home/esdentem/projects/libopencm3/libopencm3-git/doc/lpc43xx/html/ssp_8c_a367036890409f4a16496ffafa6ad6471_cgraph.png" -Tcmapx -o "/home/esdentem/projects/libopencm3/libopencm3-git/doc/lpc43xx/html/ssp_8c_a367036890409f4a16496ffafa6ad6471_cgraph.map"'
Problems running dot: exit code=127, command='dot', arguments='"/home/esdentem/projects/libopencm3/libopencm3-git/doc/lpc43xx/html/ssp_8h_a367036890409f4a16496ffafa6ad6471_cgraph.dot" -Tpng -o "/home/esdentem/projects/libopencm3/libopencm3-git/doc/lpc43xx/html/ssp_8h_a367036890409f4a16496ffafa6ad6471_cgraph.png" -Tcmapx -o "/home/esdentem/projects/libopencm3/libopencm3-git/doc/lpc43xx/html/ssp_8h_a367036890409f4a16496ffafa6ad6471_cgraph.map"'
Problems running dot: exit code=127, command='dot', arguments='"/home/esdentem/projects/libopencm3/libopencm3-git/doc/lpc43xx/html/graph_legend.dot" -Tpng -o "/home/esdentem/projects/libopencm3/libopencm3-git/doc/lpc43xx/html/graph_legend.png"'
Problems running dot: exit code=127, command='dot', arguments='"/home/esdentem/projects/libopencm3/libopencm3-git/doc/lpc43xx/html/dir_d44c64559bbebec7f509842c48db8b23_dep.dot" -Tpng -o "/home/esdentem/projects/libopencm3/libopencm3-git/doc/lpc43xx/html/dir_d44c64559bbebec7f509842c48db8b23_dep.png" -Tcmapx -o "/home/esdentem/projects/libopencm3/libopencm3-git/doc/lpc43xx/html/dir_d44c64559bbebec7f509842c48db8b23_dep.map"'
Problems running dot: exit code=127, command='dot', arguments='"/home/esdentem/projects/libopencm3/libopencm3-git/doc/lpc43xx/html/dir_97aefd0d527b934f1d99a682da8fe6a9_dep.dot" -Tpng -o "/home/esdentem/projects/libopencm3/libopencm3-git/doc/lpc43xx/html/dir_97aefd0d527b934f1d99a682da8fe6a9_dep.png" -Tcmapx -o "/home/esdentem/projects/libopencm3/libopencm3-git/doc/lpc43xx/html/dir_97aefd0d527b934f1d99a682da8fe6a9_dep.map"'
Problems running dot: exit code=127, command='dot', arguments='"/home/esdentem/projects/libopencm3/libopencm3-git/doc/lpc43xx/html/dir_6a7820b97a7704ff85bcff20dea7ce23_dep.dot" -Tpng -o "/home/esdentem/projects/libopencm3/libopencm3-git/doc/lpc43xx/html/dir_6a7820b97a7704ff85bcff20dea7ce23_dep.png" -Tcmapx -o "/home/esdentem/projects/libopencm3/libopencm3-git/doc/lpc43xx/html/dir_6a7820b97a7704ff85bcff20dea7ce23_dep.map"'
Problems running dot: exit code=127, command='dot', arguments='"/home/esdentem/projects/libopencm3/libopencm3-git/doc/lpc43xx/html/dir_d37d3c975ecef012b6a8fd7f0f6fedfb_dep.dot" -Tpng -o "/home/esdentem/projects/libopencm3/libopencm3-git/doc/lpc43xx/html/dir_d37d3c975ecef012b6a8fd7f0f6fedfb_dep.png" -Tcmapx -o "/home/esdentem/projects/libopencm3/libopencm3-git/doc/lpc43xx/html/dir_d37d3c975ecef012b6a8fd7f0f6fedfb_dep.map"'
Problems running dot: exit code=127, command='dot', arguments='"/home/esdentem/projects/libopencm3/libopencm3-git/doc/lpc43xx/html/dir_12cbe415035b10731c6746d0c7b754c9_dep.dot" -Tpng -o "/home/esdentem/projects/libopencm3/libopencm3-git/doc/lpc43xx/html/dir_12cbe415035b10731c6746d0c7b754c9_dep.png" -Tcmapx -o "/home/esdentem/projects/libopencm3/libopencm3-git/doc/lpc43xx/html/dir_12cbe415035b10731c6746d0c7b754c9_dep.map"'
Problems running dot: exit code=127, command='dot', arguments='"/home/esdentem/projects/libopencm3/libopencm3-git/doc/lpc43xx/html/ssp_8c_af3606050c56f9e7ccfbb91f703d38e46_icgraph.dot" -Tpng -o "/home/esdentem/projects/libopencm3/libopencm3-git/doc/lpc43xx/html/ssp_8c_af3606050c56f9e7ccfbb91f703d38e46_icgraph.png" -Tcmapx -o "/home/esdentem/projects/libopencm3/libopencm3-git/doc/lpc43xx/html/ssp_8c_af3606050c56f9e7ccfbb91f703d38e46_icgraph.map"'
error: problems opening map file /home/esdentem/projects/libopencm3/libopencm3-git/doc/lpc43xx/html/ssp_8c_af3606050c56f9e7ccfbb91f703d38e46_icgraph.map for inclusion in the docs!
If you installed Graphviz/dot after a previous failing run, 
try deleting the output directory and rerun doxygen.
error: problems opening map file /home/esdentem/projects/libopencm3/libopencm3-git/doc/lpc43xx/html/ssp_8c_a367036890409f4a16496ffafa6ad6471_cgraph.map for inclusion in the docs!
If you installed Graphviz/dot after a previous failing run, 
try deleting the output directory and rerun doxygen.
error: problems opening map file /home/esdentem/projects/libopencm3/libopencm3-git/doc/lpc43xx/html/ssp_8h_a367036890409f4a16496ffafa6ad6471_cgraph.map for inclusion in the docs!
If you installed Graphviz/dot after a previous failing run, 
try deleting the output directory and rerun doxygen.
error: problems opening map file /home/esdentem/projects/libopencm3/libopencm3-git/doc/lpc43xx/html/dir_d44c64559bbebec7f509842c48db8b23_dep.map for inclusion in the docs!
If you installed Graphviz/dot after a previous failing run, 
try deleting the output directory and rerun doxygen.
error: problems opening map file /home/esdentem/projects/libopencm3/libopencm3-git/doc/lpc43xx/html/dir_97aefd0d527b934f1d99a682da8fe6a9_dep.map for inclusion in the docs!
If you installed Graphviz/dot after a previous failing run, 
try deleting the output directory and rerun doxygen.
error: problems opening map file /home/esdentem/projects/libopencm3/libopencm3-git/doc/lpc43xx/html/dir_6a7820b97a7704ff85bcff20dea7ce23_dep.map for inclusion in the docs!
If you installed Graphviz/dot after a previous failing run, 
try deleting the output directory and rerun doxygen.
error: problems opening map file /home/esdentem/projects/libopencm3/libopencm3-git/doc/lpc43xx/html/dir_d37d3c975ecef012b6a8fd7f0f6fedfb_dep.map for inclusion in the docs!
If you installed Graphviz/dot after a previous failing run, 
try deleting the output directory and rerun doxygen.
error: problems opening map file /home/esdentem/projects/libopencm3/libopencm3-git/doc/lpc43xx/html/dir_12cbe415035b10731c6746d0c7b754c9_dep.map for inclusion in the docs!
If you installed Graphviz/dot after a previous failing run, 
try deleting the output directory and rerun doxygen.
