Problems running dot: exit code=127, command='dot', arguments='"/home/esdentem/projects/libopencm3/libopencm3-git/doc/lm3s/html/gpio_8h__incl.dot" -Tpng -o "/home/esdentem/projects/libopencm3/libopencm3-git/doc/lm3s/html/gpio_8h__incl.png" -Tcmapx -o "/home/esdentem/projects/libopencm3/libopencm3-git/doc/lm3s/html/gpio_8h__incl.map"'
Problems running dot: exit code=127, command='dot', arguments='"/home/esdentem/projects/libopencm3/libopencm3-git/doc/lm3s/html/gpio_8h__dep__incl.dot" -Tpng -o "/home/esdentem/projects/libopencm3/libopencm3-git/doc/lm3s/html/gpio_8h__dep__incl.png" -Tcmapx -o "/home/esdentem/projects/libopencm3/libopencm3-git/doc/lm3s/html/gpio_8h__dep__incl.map"'
Problems running dot: exit code=127, command='dot', arguments='"/home/esdentem/projects/libopencm3/libopencm3-git/doc/lm3s/html/memorymap_8h__incl.dot" -Tpng -o "/home/esdentem/projects/libopencm3/libopencm3-git/doc/lm3s/html/memorymap_8h__incl.png" -Tcmapx -o "/home/esdentem/projects/libopencm3/libopencm3-git/doc/lm3s/html/memorymap_8h__incl.map"'
Problems running dot: exit code=127, command='dot', arguments='"/home/esdentem/projects/libopencm3/libopencm3-git/doc/lm3s/html/memorymap_8h__dep__incl.dot" -Tpng -o "/home/esdentem/projects/libopencm3/libopencm3-git/doc/lm3s/html/memorymap_8h__dep__incl.png" -Tcmapx -o "/home/esdentem/projects/libopencm3/libopencm3-git/doc/lm3s/html/memorymap_8h__dep__incl.map"'
Problems running dot: exit code=127, command='dot', arguments='"/home/esdentem/projects/libopencm3/libopencm3-git/doc/lm3s/html/systemcontrol_8h__incl.dot" -Tpng -o "/home/esdentem/projects/libopencm3/libopencm3-git/doc/lm3s/html/systemcontrol_8h__incl.png" -Tcmapx -o "/home/esdentem/projects/libopencm3/libopencm3-git/doc/lm3s/html/systemcontrol_8h__incl.map"'
Problems running dot: exit code=127, command='dot', arguments='"/home/esdentem/projects/libopencm3/libopencm3-git/doc/lm3s/html/graph_legend.dot" -Tpng -o "/home/esdentem/projects/libopencm3/libopencm3-git/doc/lm3s/html/graph_legend.png"'
Problems running dot: exit code=127, command='dot', arguments='"/home/esdentem/projects/libopencm3/libopencm3-git/doc/lm3s/html/dir_d44c64559bbebec7f509842c48db8b23_dep.dot" -Tpng -o "/home/esdentem/projects/libopencm3/libopencm3-git/doc/lm3s/html/dir_d44c64559bbebec7f509842c48db8b23_dep.png" -Tcmapx -o "/home/esdentem/projects/libopencm3/libopencm3-git/doc/lm3s/html/dir_d44c64559bbebec7f509842c48db8b23_dep.map"'
Problems running dot: exit code=127, command='dot', arguments='"/home/esdentem/projects/libopencm3/libopencm3-git/doc/lm3s/html/dir_97aefd0d527b934f1d99a682da8fe6a9_dep.dot" -Tpng -o "/home/esdentem/projects/libopencm3/libopencm3-git/doc/lm3s/html/dir_97aefd0d527b934f1d99a682da8fe6a9_dep.png" -Tcmapx -o "/home/esdentem/projects/libopencm3/libopencm3-git/doc/lm3s/html/dir_97aefd0d527b934f1d99a682da8fe6a9_dep.map"'
Problems running dot: exit code=127, command='dot', arguments='"/home/esdentem/projects/libopencm3/libopencm3-git/doc/lm3s/html/dir_6a7820b97a7704ff85bcff20dea7ce23_dep.dot" -Tpng -o "/home/esdentem/projects/libopencm3/libopencm3-git/doc/lm3s/html/dir_6a7820b97a7704ff85bcff20dea7ce23_dep.png" -Tcmapx -o "/home/esdentem/projects/libopencm3/libopencm3-git/doc/lm3s/html/dir_6a7820b97a7704ff85bcff20dea7ce23_dep.map"'
Problems running dot: exit code=127, command='dot', arguments='"/home/esdentem/projects/libopencm3/libopencm3-git/doc/lm3s/html/dir_869293064a8640c73deffbae3587a3ed_dep.dot" -Tpng -o "/home/esdentem/projects/libopencm3/libopencm3-git/doc/lm3s/html/dir_869293064a8640c73deffbae3587a3ed_dep.png" -Tcmapx -o "/home/esdentem/projects/libopencm3/libopencm3-git/doc/lm3s/html/dir_869293064a8640c73deffbae3587a3ed_dep.map"'
Problems running dot: exit code=127, command='dot', arguments='"/home/esdentem/projects/libopencm3/libopencm3-git/doc/lm3s/html/gpio_8c__incl.dot" -Tpng -o "/home/esdentem/projects/libopencm3/libopencm3-git/doc/lm3s/html/gpio_8c__incl.png" -Tcmapx -o "/home/esdentem/projects/libopencm3/libopencm3-git/doc/lm3s/html/gpio_8c__incl.map"'
Problems running dot: exit code=127, command='dot', arguments='"/home/esdentem/projects/libopencm3/libopencm3-git/doc/lm3s/html/dir_6e3dc13a724c5ff4444bded2eedde19d_dep.dot" -Tpng -o "/home/esdentem/projects/libopencm3/libopencm3-git/doc/lm3s/html/dir_6e3dc13a724c5ff4444bded2eedde19d_dep.png" -Tcmapx -o "/home/esdentem/projects/libopencm3/libopencm3-git/doc/lm3s/html/dir_6e3dc13a724c5ff4444bded2eedde19d_dep.map"'
error: problems opening map file /home/esdentem/projects/libopencm3/libopencm3-git/doc/lm3s/html/gpio_8c__incl.map for inclusion in the docs!
If you installed Graphviz/dot after a previous failing run, 
try deleting the output directory and rerun doxygen.
error: problems opening map file /home/esdentem/projects/libopencm3/libopencm3-git/doc/lm3s/html/gpio_8h__incl.map for inclusion in the docs!
If you installed Graphviz/dot after a previous failing run, 
try deleting the output directory and rerun doxygen.
error: problems opening map file /home/esdentem/projects/libopencm3/libopencm3-git/doc/lm3s/html/gpio_8h__dep__incl.map for inclusion in the docs!
If you installed Graphviz/dot after a previous failing run, 
try deleting the output directory and rerun doxygen.
error: problems opening map file /home/esdentem/projects/libopencm3/libopencm3-git/doc/lm3s/html/memorymap_8h__incl.map for inclusion in the docs!
If you installed Graphviz/dot after a previous failing run, 
try deleting the output directory and rerun doxygen.
error: problems opening map file /home/esdentem/projects/libopencm3/libopencm3-git/doc/lm3s/html/memorymap_8h__dep__incl.map for inclusion in the docs!
If you installed Graphviz/dot after a previous failing run, 
try deleting the output directory and rerun doxygen.
error: problems opening map file /home/esdentem/projects/libopencm3/libopencm3-git/doc/lm3s/html/systemcontrol_8h__incl.map for inclusion in the docs!
If you installed Graphviz/dot after a previous failing run, 
try deleting the output directory and rerun doxygen.
error: problems opening map file /home/esdentem/projects/libopencm3/libopencm3-git/doc/lm3s/html/dir_d44c64559bbebec7f509842c48db8b23_dep.map for inclusion in the docs!
If you installed Graphviz/dot after a previous failing run, 
try deleting the output directory and rerun doxygen.
error: problems opening map file /home/esdentem/projects/libopencm3/libopencm3-git/doc/lm3s/html/dir_97aefd0d527b934f1d99a682da8fe6a9_dep.map for inclusion in the docs!
If you installed Graphviz/dot after a previous failing run, 
try deleting the output directory and rerun doxygen.
error: problems opening map file /home/esdentem/projects/libopencm3/libopencm3-git/doc/lm3s/html/dir_6a7820b97a7704ff85bcff20dea7ce23_dep.map for inclusion in the docs!
If you installed Graphviz/dot after a previous failing run, 
try deleting the output directory and rerun doxygen.
error: problems opening map file /home/esdentem/projects/libopencm3/libopencm3-git/doc/lm3s/html/dir_869293064a8640c73deffbae3587a3ed_dep.map for inclusion in the docs!
If you installed Graphviz/dot after a previous failing run, 
try deleting the output directory and rerun doxygen.
error: problems opening map file /home/esdentem/projects/libopencm3/libopencm3-git/doc/lm3s/html/dir_6e3dc13a724c5ff4444bded2eedde19d_dep.map for inclusion in the docs!
If you installed Graphviz/dot after a previous failing run, 
try deleting the output directory and rerun doxygen.
