Problems running dot: exit code=127, command='dot', arguments='"/home/esdentem/projects/libopencm3/libopencm3-git/doc/cm3/html/assert_8h__incl.dot" -Tpng -o "/home/esdentem/projects/libopencm3/libopencm3-git/doc/cm3/html/assert_8h__incl.png" -Tcmapx -o "/home/esdentem/projects/libopencm3/libopencm3-git/doc/cm3/html/assert_8h__incl.map"'
Problems running dot: exit code=127, command='dot', arguments='"/home/esdentem/projects/libopencm3/libopencm3-git/doc/cm3/html/common_8h__incl.dot" -Tpng -o "/home/esdentem/projects/libopencm3/libopencm3-git/doc/cm3/html/common_8h__incl.png" -Tcmapx -o "/home/esdentem/projects/libopencm3/libopencm3-git/doc/cm3/html/common_8h__incl.map"'
Problems running dot: exit code=127, command='dot', arguments='"/home/esdentem/projects/libopencm3/libopencm3-git/doc/cm3/html/common_8h__dep__incl.dot" -Tpng -o "/home/esdentem/projects/libopencm3/libopencm3-git/doc/cm3/html/common_8h__dep__incl.png" -Tcmapx -o "/home/esdentem/projects/libopencm3/libopencm3-git/doc/cm3/html/common_8h__dep__incl.map"'
Problems running dot: exit code=127, command='dot', arguments='"/home/esdentem/projects/libopencm3/libopencm3-git/doc/cm3/html/memorymap_8h__dep__incl.dot" -Tpng -o "/home/esdentem/projects/libopencm3/libopencm3-git/doc/cm3/html/memorymap_8h__dep__incl.png" -Tcmapx -o "/home/esdentem/projects/libopencm3/libopencm3-git/doc/cm3/html/memorymap_8h__dep__incl.map"'
Problems running dot: exit code=127, command='dot', arguments='"/home/esdentem/projects/libopencm3/libopencm3-git/doc/cm3/html/nvic_8h__dep__incl.dot" -Tpng -o "/home/esdentem/projects/libopencm3/libopencm3-git/doc/cm3/html/nvic_8h__dep__incl.png" -Tcmapx -o "/home/esdentem/projects/libopencm3/libopencm3-git/doc/cm3/html/nvic_8h__dep__incl.map"'
Problems running dot: exit code=127, command='dot', arguments='"/home/esdentem/projects/libopencm3/libopencm3-git/doc/cm3/html/nvic_8h__incl.dot" -Tpng -o "/home/esdentem/projects/libopencm3/libopencm3-git/doc/cm3/html/nvic_8h__incl.png" -Tcmapx -o "/home/esdentem/projects/libopencm3/libopencm3-git/doc/cm3/html/nvic_8h__incl.map"'
Problems running dot: exit code=127, command='dot', arguments='"/home/esdentem/projects/libopencm3/libopencm3-git/doc/cm3/html/scb_8h__incl.dot" -Tpng -o "/home/esdentem/projects/libopencm3/libopencm3-git/doc/cm3/html/scb_8h__incl.png" -Tcmapx -o "/home/esdentem/projects/libopencm3/libopencm3-git/doc/cm3/html/scb_8h__incl.map"'
Problems running dot: exit code=127, command='dot', arguments='"/home/esdentem/projects/libopencm3/libopencm3-git/doc/cm3/html/systick_8h__incl.dot" -Tpng -o "/home/esdentem/projects/libopencm3/libopencm3-git/doc/cm3/html/systick_8h__incl.png" -Tcmapx -o "/home/esdentem/projects/libopencm3/libopencm3-git/doc/cm3/html/systick_8h__incl.map"'
Problems running dot: exit code=127, command='dot', arguments='"/home/esdentem/projects/libopencm3/libopencm3-git/doc/cm3/html/vector_8h__incl.dot" -Tpng -o "/home/esdentem/projects/libopencm3/libopencm3-git/doc/cm3/html/vector_8h__incl.png" -Tcmapx -o "/home/esdentem/projects/libopencm3/libopencm3-git/doc/cm3/html/vector_8h__incl.map"'
Problems running dot: exit code=127, command='dot', arguments='"/home/esdentem/projects/libopencm3/libopencm3-git/doc/cm3/html/group__CM3__defines.dot" -Tpng -o "/home/esdentem/projects/libopencm3/libopencm3-git/doc/cm3/html/group__CM3__defines.png" -Tcmapx -o "/home/esdentem/projects/libopencm3/libopencm3-git/doc/cm3/html/group__CM3__defines.map"'
Problems running dot: exit code=127, command='dot', arguments='"/home/esdentem/projects/libopencm3/libopencm3-git/doc/cm3/html/group__CM3__nvic__defines.dot" -Tpng -o "/home/esdentem/projects/libopencm3/libopencm3-git/doc/cm3/html/group__CM3__nvic__defines.png" -Tcmapx -o "/home/esdentem/projects/libopencm3/libopencm3-git/doc/cm3/html/group__CM3__nvic__defines.map"'
Problems running dot: exit code=127, command='dot', arguments='"/home/esdentem/projects/libopencm3/libopencm3-git/doc/cm3/html/group__nvic__sysint.dot" -Tpng -o "/home/esdentem/projects/libopencm3/libopencm3-git/doc/cm3/html/group__nvic__sysint.png" -Tcmapx -o "/home/esdentem/projects/libopencm3/libopencm3-git/doc/cm3/html/group__nvic__sysint.map"'
Problems running dot: exit code=127, command='dot', arguments='"/home/esdentem/projects/libopencm3/libopencm3-git/doc/cm3/html/group__CM3__systick__defines.dot" -Tpng -o "/home/esdentem/projects/libopencm3/libopencm3-git/doc/cm3/html/group__CM3__systick__defines.png" -Tcmapx -o "/home/esdentem/projects/libopencm3/libopencm3-git/doc/cm3/html/group__CM3__systick__defines.map"'
Problems running dot: exit code=127, command='dot', arguments='"/home/esdentem/projects/libopencm3/libopencm3-git/doc/cm3/html/group__systick__clksource.dot" -Tpng -o "/home/esdentem/projects/libopencm3/libopencm3-git/doc/cm3/html/group__systick__clksource.png" -Tcmapx -o "/home/esdentem/projects/libopencm3/libopencm3-git/doc/cm3/html/group__systick__clksource.map"'
Problems running dot: exit code=127, command='dot', arguments='"/home/esdentem/projects/libopencm3/libopencm3-git/doc/cm3/html/dir_88dec37158d6513a5d9049c3580b18ba_dep.dot" -Tpng -o "/home/esdentem/projects/libopencm3/libopencm3-git/doc/cm3/html/dir_88dec37158d6513a5d9049c3580b18ba_dep.png" -Tcmapx -o "/home/esdentem/projects/libopencm3/libopencm3-git/doc/cm3/html/dir_88dec37158d6513a5d9049c3580b18ba_dep.map"'
Problems running dot: exit code=127, command='dot', arguments='"/home/esdentem/projects/libopencm3/libopencm3-git/doc/cm3/html/graph_legend.dot" -Tpng -o "/home/esdentem/projects/libopencm3/libopencm3-git/doc/cm3/html/graph_legend.png"'
Problems running dot: exit code=127, command='dot', arguments='"/home/esdentem/projects/libopencm3/libopencm3-git/doc/cm3/html/dir_ead20f0c10569fc5b4f0cc70c3cf6bea_dep.dot" -Tpng -o "/home/esdentem/projects/libopencm3/libopencm3-git/doc/cm3/html/dir_ead20f0c10569fc5b4f0cc70c3cf6bea_dep.png" -Tcmapx -o "/home/esdentem/projects/libopencm3/libopencm3-git/doc/cm3/html/dir_ead20f0c10569fc5b4f0cc70c3cf6bea_dep.map"'
Problems running dot: exit code=127, command='dot', arguments='"/home/esdentem/projects/libopencm3/libopencm3-git/doc/cm3/html/dir_e1040081471ffd682e8357aa53c82f70_dep.dot" -Tpng -o "/home/esdentem/projects/libopencm3/libopencm3-git/doc/cm3/html/dir_e1040081471ffd682e8357aa53c82f70_dep.png" -Tcmapx -o "/home/esdentem/projects/libopencm3/libopencm3-git/doc/cm3/html/dir_e1040081471ffd682e8357aa53c82f70_dep.map"'
error: problems opening map file /home/esdentem/projects/libopencm3/libopencm3-git/doc/cm3/html/assert_8h__incl.map for inclusion in the docs!
If you installed Graphviz/dot after a previous failing run, 
try deleting the output directory and rerun doxygen.
error: problems opening map file /home/esdentem/projects/libopencm3/libopencm3-git/doc/cm3/html/common_8h__incl.map for inclusion in the docs!
If you installed Graphviz/dot after a previous failing run, 
try deleting the output directory and rerun doxygen.
error: problems opening map file /home/esdentem/projects/libopencm3/libopencm3-git/doc/cm3/html/common_8h__dep__incl.map for inclusion in the docs!
If you installed Graphviz/dot after a previous failing run, 
try deleting the output directory and rerun doxygen.
error: problems opening map file /home/esdentem/projects/libopencm3/libopencm3-git/doc/cm3/html/memorymap_8h__dep__incl.map for inclusion in the docs!
If you installed Graphviz/dot after a previous failing run, 
try deleting the output directory and rerun doxygen.
error: problems opening map file /home/esdentem/projects/libopencm3/libopencm3-git/doc/cm3/html/nvic_8h__incl.map for inclusion in the docs!
If you installed Graphviz/dot after a previous failing run, 
try deleting the output directory and rerun doxygen.
error: problems opening map file /home/esdentem/projects/libopencm3/libopencm3-git/doc/cm3/html/nvic_8h__dep__incl.map for inclusion in the docs!
If you installed Graphviz/dot after a previous failing run, 
try deleting the output directory and rerun doxygen.
error: problems opening map file /home/esdentem/projects/libopencm3/libopencm3-git/doc/cm3/html/scb_8h__incl.map for inclusion in the docs!
If you installed Graphviz/dot after a previous failing run, 
try deleting the output directory and rerun doxygen.
error: problems opening map file /home/esdentem/projects/libopencm3/libopencm3-git/doc/cm3/html/systick_8h__incl.map for inclusion in the docs!
If you installed Graphviz/dot after a previous failing run, 
try deleting the output directory and rerun doxygen.
error: problems opening map file /home/esdentem/projects/libopencm3/libopencm3-git/doc/cm3/html/vector_8h__incl.map for inclusion in the docs!
If you installed Graphviz/dot after a previous failing run, 
try deleting the output directory and rerun doxygen.
error: problems opening map file /home/esdentem/projects/libopencm3/libopencm3-git/doc/cm3/html/group__CM3__defines.map for inclusion in the docs!
If you installed Graphviz/dot after a previous failing run, 
try deleting the output directory and rerun doxygen.
error: problems opening map file /home/esdentem/projects/libopencm3/libopencm3-git/doc/cm3/html/group__CM3__nvic__defines.map for inclusion in the docs!
If you installed Graphviz/dot after a previous failing run, 
try deleting the output directory and rerun doxygen.
error: problems opening map file /home/esdentem/projects/libopencm3/libopencm3-git/doc/cm3/html/group__nvic__sysint.map for inclusion in the docs!
If you installed Graphviz/dot after a previous failing run, 
try deleting the output directory and rerun doxygen.
error: problems opening map file /home/esdentem/projects/libopencm3/libopencm3-git/doc/cm3/html/group__CM3__systick__defines.map for inclusion in the docs!
If you installed Graphviz/dot after a previous failing run, 
try deleting the output directory and rerun doxygen.
error: problems opening map file /home/esdentem/projects/libopencm3/libopencm3-git/doc/cm3/html/group__systick__clksource.map for inclusion in the docs!
If you installed Graphviz/dot after a previous failing run, 
try deleting the output directory and rerun doxygen.
error: problems opening map file /home/esdentem/projects/libopencm3/libopencm3-git/doc/cm3/html/dir_88dec37158d6513a5d9049c3580b18ba_dep.map for inclusion in the docs!
If you installed Graphviz/dot after a previous failing run, 
try deleting the output directory and rerun doxygen.
error: problems opening map file /home/esdentem/projects/libopencm3/libopencm3-git/doc/cm3/html/dir_ead20f0c10569fc5b4f0cc70c3cf6bea_dep.map for inclusion in the docs!
If you installed Graphviz/dot after a previous failing run, 
try deleting the output directory and rerun doxygen.
error: problems opening map file /home/esdentem/projects/libopencm3/libopencm3-git/doc/cm3/html/dir_e1040081471ffd682e8357aa53c82f70_dep.map for inclusion in the docs!
If you installed Graphviz/dot after a previous failing run, 
try deleting the output directory and rerun doxygen.
