/home/esdentem/projects/libopencm3/libopencm3-git/lib/stm32/f0/adc.c:40: warning: group adc_api_opmode: ignoring title "ADC Operation mode API" that does not match old title "ADC Operation Modes"

/home/esdentem/projects/libopencm3/libopencm3-git/lib/stm32/f0/adc.c:186: warning: Found unknown command `\parADC'
/home/esdentem/projects/libopencm3/libopencm3-git/lib/stm32/f0/adc.c:146: warning: The following parameters of adc_set_operation_mode(uint32_t adc, enum adc_opmode opmode) are not documented:
  parameter 'opmode'
/home/esdentem/projects/libopencm3/libopencm3-git/include/libopencm3/stm32/common/gpio_common_f234.h:164: warning: Found unknown command `\list'
/home/esdentem/projects/libopencm3/libopencm3-git/include/libopencm3/stm32/common/gpio_common_f234.h:165: warning: Found unknown command `\list'
/home/esdentem/projects/libopencm3/libopencm3-git/include/libopencm3/stm32/f0/gpio.h:1: warning: Found unknown command `\list'
/home/esdentem/projects/libopencm3/libopencm3-git/include/libopencm3/stm32/f0/gpio.h:2: warning: Found unknown command `\list'
/home/esdentem/projects/libopencm3/libopencm3-git/lib/stm32/f0/rcc.c:348: warning: explicit link request to 'osc_t' could not be resolved
/home/esdentem/projects/libopencm3/libopencm3-git/lib/stm32/f0/rcc.c:319: warning: explicit link request to 'osc_t' could not be resolved
/home/esdentem/projects/libopencm3/libopencm3-git/lib/stm32/f0/rcc.c:266: warning: explicit link request to 'osc_t' could not be resolved
/home/esdentem/projects/libopencm3/libopencm3-git/lib/stm32/f0/rcc.c:231: warning: explicit link request to 'osc_t' could not be resolved
/home/esdentem/projects/libopencm3/libopencm3-git/lib/stm32/f0/rcc.c:50: warning: explicit link request to 'osc_t' could not be resolved
/home/esdentem/projects/libopencm3/libopencm3-git/lib/stm32/f0/rcc.c:110: warning: explicit link request to 'osc_t' could not be resolved
/home/esdentem/projects/libopencm3/libopencm3-git/lib/stm32/f0/rcc.c:80: warning: explicit link request to 'osc_t' could not be resolved
/home/esdentem/projects/libopencm3/libopencm3-git/lib/stm32/f0/rcc.c:140: warning: explicit link request to 'osc_t' could not be resolved
/home/esdentem/projects/libopencm3/libopencm3-git/lib/stm32/f0/rcc.c:426: warning: unable to resolve reference to `rcc_cfgr_ahbpre' for \ref command
/home/esdentem/projects/libopencm3/libopencm3-git/lib/stm32/f0/rcc.c:401: warning: unable to resolve reference to `rcc_cfgr_pmf' for \ref command
/home/esdentem/projects/libopencm3/libopencm3-git/lib/stm32/f0/rcc.c:413: warning: argument 'ppre1' of command @param is not found in the argument list of rcc_set_ppre(uint32_t ppre)
/home/esdentem/projects/libopencm3/libopencm3-git/lib/stm32/f0/rcc.c:415: warning: unable to resolve reference to `rcc_cfgr_apb1pre' for \ref command
/home/esdentem/projects/libopencm3/libopencm3-git/lib/stm32/f0/rcc.c:413: warning: The following parameters of rcc_set_ppre(uint32_t ppre) are not documented:
  parameter 'ppre'
/home/esdentem/projects/libopencm3/libopencm3-git/lib/stm32/f0/rcc.c:372: warning: argument 'osc' of command @param is not found in the argument list of rcc_set_sysclk_source(enum rcc_osc clk)
/home/esdentem/projects/libopencm3/libopencm3-git/lib/stm32/f0/rcc.c:372: warning: explicit link request to 'osc_t' could not be resolved
/home/esdentem/projects/libopencm3/libopencm3-git/lib/stm32/f0/rcc.c:372: warning: The following parameters of rcc_set_sysclk_source(enum rcc_osc clk) are not documented:
  parameter 'clk'
/home/esdentem/projects/libopencm3/libopencm3-git/lib/stm32/f0/rcc.c:449: warning: explicit link request to 'osc_t' could not be resolved
/home/esdentem/projects/libopencm3/libopencm3-git/lib/stm32/f0/rcc.c:195: warning: explicit link request to 'osc_t' could not be resolved
/home/esdentem/projects/libopencm3/libopencm3-git/include/libopencm3/stm32/common/gpio_common_f234.h:164: warning: Found unknown command `\list'
/home/esdentem/projects/libopencm3/libopencm3-git/include/libopencm3/stm32/common/gpio_common_f234.h:165: warning: Found unknown command `\list'
/home/esdentem/projects/libopencm3/libopencm3-git/include/libopencm3/stm32/common/gpio_common_f234.h:164: warning: Found unknown command `\list'
/home/esdentem/projects/libopencm3/libopencm3-git/include/libopencm3/stm32/common/gpio_common_f234.h:165: warning: Found unknown command `\list'
/home/esdentem/projects/libopencm3/libopencm3-git/lib/stm32/f0/adc.c:254: warning: unable to resolve reference to `adc_trigger_regular' for \ref command
/home/esdentem/projects/libopencm3/libopencm3-git/lib/stm32/f0/adc.c:256: warning: unable to resolve reference to `adc_trigger_polarity_regular' for \ref command
/home/esdentem/projects/libopencm3/libopencm3-git/lib/stm32/f0/adc.c:493: warning: argument 'prescale' of command @param is not found in the argument list of adc_set_clk_source(uint32_t adc, uint32_t source)
/home/esdentem/projects/libopencm3/libopencm3-git/lib/stm32/f0/adc.c:493: warning: The following parameters of adc_set_clk_source(uint32_t adc, uint32_t source) are not documented:
  parameter 'source'
/home/esdentem/projects/libopencm3/libopencm3-git/lib/stm32/f0/adc.c:784: warning: unable to resolve reference to `adc_api_channel' for \ref command
/home/esdentem/projects/libopencm3/libopencm3-git/lib/stm32/f0/rcc.c:348: warning: explicit link request to 'osc_t' could not be resolved
/home/esdentem/projects/libopencm3/libopencm3-git/lib/stm32/f0/rcc.c:319: warning: explicit link request to 'osc_t' could not be resolved
/home/esdentem/projects/libopencm3/libopencm3-git/lib/stm32/f0/rcc.c:266: warning: explicit link request to 'osc_t' could not be resolved
/home/esdentem/projects/libopencm3/libopencm3-git/lib/stm32/f0/rcc.c:231: warning: explicit link request to 'osc_t' could not be resolved
/home/esdentem/projects/libopencm3/libopencm3-git/lib/stm32/f0/rcc.c:50: warning: explicit link request to 'osc_t' could not be resolved
/home/esdentem/projects/libopencm3/libopencm3-git/lib/stm32/f0/rcc.c:110: warning: explicit link request to 'osc_t' could not be resolved
/home/esdentem/projects/libopencm3/libopencm3-git/lib/stm32/f0/rcc.c:80: warning: explicit link request to 'osc_t' could not be resolved
/home/esdentem/projects/libopencm3/libopencm3-git/lib/stm32/f0/rcc.c:140: warning: explicit link request to 'osc_t' could not be resolved
/home/esdentem/projects/libopencm3/libopencm3-git/lib/stm32/f0/rcc.c:426: warning: unable to resolve reference to `rcc_cfgr_ahbpre' for \ref command
/home/esdentem/projects/libopencm3/libopencm3-git/lib/stm32/f0/rcc.c:401: warning: unable to resolve reference to `rcc_cfgr_pmf' for \ref command
/home/esdentem/projects/libopencm3/libopencm3-git/lib/stm32/f0/rcc.c:413: warning: argument 'ppre1' of command @param is not found in the argument list of rcc_set_ppre(uint32_t ppre)
/home/esdentem/projects/libopencm3/libopencm3-git/lib/stm32/f0/rcc.c:415: warning: unable to resolve reference to `rcc_cfgr_apb1pre' for \ref command
/home/esdentem/projects/libopencm3/libopencm3-git/lib/stm32/f0/rcc.c:413: warning: The following parameters of rcc_set_ppre(uint32_t ppre) are not documented:
  parameter 'ppre'
/home/esdentem/projects/libopencm3/libopencm3-git/lib/stm32/f0/rcc.c:372: warning: argument 'osc' of command @param is not found in the argument list of rcc_set_sysclk_source(enum rcc_osc clk)
/home/esdentem/projects/libopencm3/libopencm3-git/lib/stm32/f0/rcc.c:372: warning: explicit link request to 'osc_t' could not be resolved
/home/esdentem/projects/libopencm3/libopencm3-git/lib/stm32/f0/rcc.c:372: warning: The following parameters of rcc_set_sysclk_source(enum rcc_osc clk) are not documented:
  parameter 'clk'
/home/esdentem/projects/libopencm3/libopencm3-git/lib/stm32/f0/rcc.c:449: warning: explicit link request to 'osc_t' could not be resolved
/home/esdentem/projects/libopencm3/libopencm3-git/lib/stm32/f0/rcc.c:195: warning: explicit link request to 'osc_t' could not be resolved
/home/esdentem/projects/libopencm3/libopencm3-git/lib/stm32/common/timer_common_f234.c:34: warning: explicit link request to 'tim_ic_pol' could not be resolved
/home/esdentem/projects/libopencm3/libopencm3-git/include/libopencm3/stm32/common/gpio_common_f234.h:164: warning: Found unknown command `\list'
/home/esdentem/projects/libopencm3/libopencm3-git/include/libopencm3/stm32/common/gpio_common_f234.h:165: warning: Found unknown command `\list'
