/home/esdentem/projects/libopencm3/libopencm3-git/include/libopencm3/stm32/common/rcc_common_all.h:49: warning: More #endif's than #if's found.

/home/esdentem/projects/libopencm3/libopencm3-git/include/libopencm3/stm32/common/gpio_common_f234.h:153: warning: group gpio_mode: ignoring title "GPIO Pin Direction and Analog/Digital Mode" that does not match old title "GPIO Pin Mode"

/home/esdentem/projects/libopencm3/libopencm3-git/lib/stm32/common/rcc_common_all.c:126: warning: argument 'periph' of command @param is not found in the argument list of rcc_periph_clock_disable(enum rcc_periph_clken clken)
/home/esdentem/projects/libopencm3/libopencm3-git/lib/stm32/common/rcc_common_all.c:130: warning: explicit link request to 'periph_t' could not be resolved
/home/esdentem/projects/libopencm3/libopencm3-git/lib/stm32/common/rcc_common_all.c:126: warning: The following parameters of rcc_periph_clock_disable(enum rcc_periph_clken clken) are not documented:
  parameter 'clken'
/home/esdentem/projects/libopencm3/libopencm3-git/lib/stm32/common/rcc_common_all.c:112: warning: argument 'periph' of command @param is not found in the argument list of rcc_periph_clock_enable(enum rcc_periph_clken clken)
/home/esdentem/projects/libopencm3/libopencm3-git/lib/stm32/common/rcc_common_all.c:116: warning: explicit link request to 'periph_t' could not be resolved
/home/esdentem/projects/libopencm3/libopencm3-git/lib/stm32/common/rcc_common_all.c:112: warning: The following parameters of rcc_periph_clock_enable(enum rcc_periph_clken clken) are not documented:
  parameter 'clken'
/home/esdentem/projects/libopencm3/libopencm3-git/lib/stm32/common/rcc_common_all.c:155: warning: argument 'periph' of command @param is not found in the argument list of rcc_periph_reset_hold(enum rcc_periph_rst rst)
/home/esdentem/projects/libopencm3/libopencm3-git/lib/stm32/common/rcc_common_all.c:159: warning: explicit link request to 'periph_t' could not be resolved
/home/esdentem/projects/libopencm3/libopencm3-git/lib/stm32/common/rcc_common_all.c:155: warning: The following parameters of rcc_periph_reset_hold(enum rcc_periph_rst rst) are not documented:
  parameter 'rst'
/home/esdentem/projects/libopencm3/libopencm3-git/lib/stm32/common/rcc_common_all.c:139: warning: argument 'periph' of command @param is not found in the argument list of rcc_periph_reset_pulse(enum rcc_periph_rst rst)
/home/esdentem/projects/libopencm3/libopencm3-git/lib/stm32/common/rcc_common_all.c:143: warning: explicit link request to 'periph_t' could not be resolved
/home/esdentem/projects/libopencm3/libopencm3-git/lib/stm32/common/rcc_common_all.c:139: warning: The following parameters of rcc_periph_reset_pulse(enum rcc_periph_rst rst) are not documented:
  parameter 'rst'
/home/esdentem/projects/libopencm3/libopencm3-git/lib/stm32/common/rcc_common_all.c:170: warning: argument 'periph' of command @param is not found in the argument list of rcc_periph_reset_release(enum rcc_periph_rst rst)
/home/esdentem/projects/libopencm3/libopencm3-git/lib/stm32/common/rcc_common_all.c:174: warning: explicit link request to 'periph_t' could not be resolved
/home/esdentem/projects/libopencm3/libopencm3-git/lib/stm32/common/rcc_common_all.c:170: warning: The following parameters of rcc_periph_reset_release(enum rcc_periph_rst rst) are not documented:
  parameter 'rst'
/home/esdentem/projects/libopencm3/libopencm3-git/lib/stm32/common/rcc_common_all.c:126: warning: argument 'periph' of command @param is not found in the argument list of rcc_periph_clock_disable(enum rcc_periph_clken clken)
/home/esdentem/projects/libopencm3/libopencm3-git/lib/stm32/common/rcc_common_all.c:130: warning: explicit link request to 'periph_t' could not be resolved
/home/esdentem/projects/libopencm3/libopencm3-git/lib/stm32/common/rcc_common_all.c:126: warning: The following parameters of rcc_periph_clock_disable(enum rcc_periph_clken clken) are not documented:
  parameter 'clken'
/home/esdentem/projects/libopencm3/libopencm3-git/lib/stm32/common/rcc_common_all.c:112: warning: argument 'periph' of command @param is not found in the argument list of rcc_periph_clock_enable(enum rcc_periph_clken clken)
/home/esdentem/projects/libopencm3/libopencm3-git/lib/stm32/common/rcc_common_all.c:116: warning: explicit link request to 'periph_t' could not be resolved
/home/esdentem/projects/libopencm3/libopencm3-git/lib/stm32/common/rcc_common_all.c:112: warning: The following parameters of rcc_periph_clock_enable(enum rcc_periph_clken clken) are not documented:
  parameter 'clken'
/home/esdentem/projects/libopencm3/libopencm3-git/lib/stm32/common/rcc_common_all.c:155: warning: argument 'periph' of command @param is not found in the argument list of rcc_periph_reset_hold(enum rcc_periph_rst rst)
/home/esdentem/projects/libopencm3/libopencm3-git/lib/stm32/common/rcc_common_all.c:159: warning: explicit link request to 'periph_t' could not be resolved
/home/esdentem/projects/libopencm3/libopencm3-git/lib/stm32/common/rcc_common_all.c:155: warning: The following parameters of rcc_periph_reset_hold(enum rcc_periph_rst rst) are not documented:
  parameter 'rst'
/home/esdentem/projects/libopencm3/libopencm3-git/lib/stm32/common/rcc_common_all.c:139: warning: argument 'periph' of command @param is not found in the argument list of rcc_periph_reset_pulse(enum rcc_periph_rst rst)
/home/esdentem/projects/libopencm3/libopencm3-git/lib/stm32/common/rcc_common_all.c:143: warning: explicit link request to 'periph_t' could not be resolved
/home/esdentem/projects/libopencm3/libopencm3-git/lib/stm32/common/rcc_common_all.c:139: warning: The following parameters of rcc_periph_reset_pulse(enum rcc_periph_rst rst) are not documented:
  parameter 'rst'
/home/esdentem/projects/libopencm3/libopencm3-git/lib/stm32/common/rcc_common_all.c:170: warning: argument 'periph' of command @param is not found in the argument list of rcc_periph_reset_release(enum rcc_periph_rst rst)
/home/esdentem/projects/libopencm3/libopencm3-git/lib/stm32/common/rcc_common_all.c:174: warning: explicit link request to 'periph_t' could not be resolved
/home/esdentem/projects/libopencm3/libopencm3-git/lib/stm32/common/rcc_common_all.c:170: warning: The following parameters of rcc_periph_reset_release(enum rcc_periph_rst rst) are not documented:
  parameter 'rst'
/home/esdentem/projects/libopencm3/libopencm3-git/include/libopencm3/stm32/common/gpio_common_f234.h:164: warning: Found unknown command `\list'
/home/esdentem/projects/libopencm3/libopencm3-git/include/libopencm3/stm32/common/gpio_common_f234.h:165: warning: Found unknown command `\list'
/home/esdentem/projects/libopencm3/libopencm3-git/include/libopencm3/stm32/f1/gpio.h:1: warning: Found unknown command `\list'
/home/esdentem/projects/libopencm3/libopencm3-git/include/libopencm3/stm32/f1/gpio.h:2: warning: Found unknown command `\list'
/home/esdentem/projects/libopencm3/libopencm3-git/lib/stm32/f1/rcc.c:400: warning: explicit link request to 'osc_t' could not be resolved
/home/esdentem/projects/libopencm3/libopencm3-git/lib/stm32/f1/rcc.c:367: warning: explicit link request to 'osc_t' could not be resolved
/home/esdentem/projects/libopencm3/libopencm3-git/lib/stm32/f1/rcc.c:306: warning: explicit link request to 'osc_t' could not be resolved
/home/esdentem/projects/libopencm3/libopencm3-git/lib/stm32/f1/rcc.c:265: warning: explicit link request to 'osc_t' could not be resolved
/home/esdentem/projects/libopencm3/libopencm3-git/lib/stm32/f1/rcc.c:65: warning: explicit link request to 'osc_t' could not be resolved
/home/esdentem/projects/libopencm3/libopencm3-git/lib/stm32/f1/rcc.c:131: warning: explicit link request to 'osc_t' could not be resolved
/home/esdentem/projects/libopencm3/libopencm3-git/lib/stm32/f1/rcc.c:98: warning: explicit link request to 'osc_t' could not be resolved
/home/esdentem/projects/libopencm3/libopencm3-git/lib/stm32/f1/rcc.c:164: warning: explicit link request to 'osc_t' could not be resolved
/home/esdentem/projects/libopencm3/libopencm3-git/lib/stm32/f1/rcc.c:223: warning: explicit link request to 'osc_t' could not be resolved
/home/esdentem/projects/libopencm3/libopencm3-git/include/libopencm3/stm32/common/gpio_common_f234.h:164: warning: Found unknown command `\list'
/home/esdentem/projects/libopencm3/libopencm3-git/include/libopencm3/stm32/common/gpio_common_f234.h:165: warning: Found unknown command `\list'
/home/esdentem/projects/libopencm3/libopencm3-git/include/libopencm3/stm32/common/gpio_common_f234.h:164: warning: Found unknown command `\list'
/home/esdentem/projects/libopencm3/libopencm3-git/include/libopencm3/stm32/common/gpio_common_f234.h:165: warning: Found unknown command `\list'
/home/esdentem/projects/libopencm3/libopencm3-git/lib/stm32/f1/rcc.c:400: warning: explicit link request to 'osc_t' could not be resolved
/home/esdentem/projects/libopencm3/libopencm3-git/lib/stm32/f1/rcc.c:367: warning: explicit link request to 'osc_t' could not be resolved
/home/esdentem/projects/libopencm3/libopencm3-git/lib/stm32/f1/rcc.c:306: warning: explicit link request to 'osc_t' could not be resolved
/home/esdentem/projects/libopencm3/libopencm3-git/lib/stm32/f1/rcc.c:265: warning: explicit link request to 'osc_t' could not be resolved
/home/esdentem/projects/libopencm3/libopencm3-git/lib/stm32/f1/rcc.c:65: warning: explicit link request to 'osc_t' could not be resolved
/home/esdentem/projects/libopencm3/libopencm3-git/lib/stm32/f1/rcc.c:131: warning: explicit link request to 'osc_t' could not be resolved
/home/esdentem/projects/libopencm3/libopencm3-git/lib/stm32/f1/rcc.c:98: warning: explicit link request to 'osc_t' could not be resolved
/home/esdentem/projects/libopencm3/libopencm3-git/lib/stm32/f1/rcc.c:164: warning: explicit link request to 'osc_t' could not be resolved
/home/esdentem/projects/libopencm3/libopencm3-git/lib/stm32/f1/rcc.c:223: warning: explicit link request to 'osc_t' could not be resolved
/home/esdentem/projects/libopencm3/libopencm3-git/include/libopencm3/stm32/common/gpio_common_f234.h:164: warning: Found unknown command `\list'
/home/esdentem/projects/libopencm3/libopencm3-git/include/libopencm3/stm32/common/gpio_common_f234.h:165: warning: Found unknown command `\list'
