/home/esdentem/projects/libopencm3/libopencm3-git/include/libopencm3/stm32/f4/adc.h:259: warning: found documented #define but ignoring it because ENABLE_PREPROCESSING is NO.

/home/esdentem/projects/libopencm3/libopencm3-git/include/libopencm3/stm32/f4/adc.h:262: warning: found documented #define but ignoring it because ENABLE_PREPROCESSING is NO.

/home/esdentem/projects/libopencm3/libopencm3-git/include/libopencm3/stm32/f4/adc.h:265: warning: found documented #define but ignoring it because ENABLE_PREPROCESSING is NO.

/home/esdentem/projects/libopencm3/libopencm3-git/include/libopencm3/stm32/f4/adc.h:268: warning: found documented #define but ignoring it because ENABLE_PREPROCESSING is NO.

/home/esdentem/projects/libopencm3/libopencm3-git/include/libopencm3/stm32/f4/adc.h:271: warning: found documented #define but ignoring it because ENABLE_PREPROCESSING is NO.

/home/esdentem/projects/libopencm3/libopencm3-git/include/libopencm3/stm32/f4/adc.h:274: warning: found documented #define but ignoring it because ENABLE_PREPROCESSING is NO.

/home/esdentem/projects/libopencm3/libopencm3-git/include/libopencm3/stm32/f4/adc.h:277: warning: found documented #define but ignoring it because ENABLE_PREPROCESSING is NO.

/home/esdentem/projects/libopencm3/libopencm3-git/include/libopencm3/stm32/f4/adc.h:280: warning: found documented #define but ignoring it because ENABLE_PREPROCESSING is NO.

/home/esdentem/projects/libopencm3/libopencm3-git/include/libopencm3/stm32/f4/adc.h:343: warning: found documented #define but ignoring it because ENABLE_PREPROCESSING is NO.

/home/esdentem/projects/libopencm3/libopencm3-git/include/libopencm3/stm32/f4/adc.h:345: warning: found documented #define but ignoring it because ENABLE_PREPROCESSING is NO.

/home/esdentem/projects/libopencm3/libopencm3-git/include/libopencm3/stm32/f4/adc.h:347: warning: found documented #define but ignoring it because ENABLE_PREPROCESSING is NO.

/home/esdentem/projects/libopencm3/libopencm3-git/include/libopencm3/stm32/f4/adc.h:349: warning: found documented #define but ignoring it because ENABLE_PREPROCESSING is NO.

/home/esdentem/projects/libopencm3/libopencm3-git/include/libopencm3/stm32/f4/adc.h:351: warning: found documented #define but ignoring it because ENABLE_PREPROCESSING is NO.

/home/esdentem/projects/libopencm3/libopencm3-git/include/libopencm3/stm32/f4/adc.h:353: warning: found documented #define but ignoring it because ENABLE_PREPROCESSING is NO.

/home/esdentem/projects/libopencm3/libopencm3-git/include/libopencm3/stm32/f4/adc.h:355: warning: found documented #define but ignoring it because ENABLE_PREPROCESSING is NO.

/home/esdentem/projects/libopencm3/libopencm3-git/include/libopencm3/stm32/f4/adc.h:357: warning: found documented #define but ignoring it because ENABLE_PREPROCESSING is NO.

/home/esdentem/projects/libopencm3/libopencm3-git/include/libopencm3/stm32/f4/adc.h:359: warning: found documented #define but ignoring it because ENABLE_PREPROCESSING is NO.

/home/esdentem/projects/libopencm3/libopencm3-git/include/libopencm3/stm32/f4/adc.h:361: warning: found documented #define but ignoring it because ENABLE_PREPROCESSING is NO.

/home/esdentem/projects/libopencm3/libopencm3-git/include/libopencm3/stm32/f4/adc.h:363: warning: found documented #define but ignoring it because ENABLE_PREPROCESSING is NO.

/home/esdentem/projects/libopencm3/libopencm3-git/include/libopencm3/stm32/f4/adc.h:365: warning: found documented #define but ignoring it because ENABLE_PREPROCESSING is NO.

/home/esdentem/projects/libopencm3/libopencm3-git/include/libopencm3/stm32/f4/adc.h:367: warning: found documented #define but ignoring it because ENABLE_PREPROCESSING is NO.

/home/esdentem/projects/libopencm3/libopencm3-git/include/libopencm3/stm32/f4/adc.h:369: warning: found documented #define but ignoring it because ENABLE_PREPROCESSING is NO.

/home/esdentem/projects/libopencm3/libopencm3-git/include/libopencm3/stm32/f4/adc.h:371: warning: found documented #define but ignoring it because ENABLE_PREPROCESSING is NO.

/home/esdentem/projects/libopencm3/libopencm3-git/include/libopencm3/stm32/f4/adc.h:373: warning: found documented #define but ignoring it because ENABLE_PREPROCESSING is NO.

/home/esdentem/projects/libopencm3/libopencm3-git/include/libopencm3/stm32/f4/adc.h:765: warning: found documented #define but ignoring it because ENABLE_PREPROCESSING is NO.

/home/esdentem/projects/libopencm3/libopencm3-git/include/libopencm3/stm32/f4/adc.h:769: warning: found documented #define but ignoring it because ENABLE_PREPROCESSING is NO.

/home/esdentem/projects/libopencm3/libopencm3-git/include/libopencm3/stm32/f4/adc.h:771: warning: found documented #define but ignoring it because ENABLE_PREPROCESSING is NO.

/home/esdentem/projects/libopencm3/libopencm3-git/include/libopencm3/stm32/f4/adc.h:773: warning: found documented #define but ignoring it because ENABLE_PREPROCESSING is NO.

/home/esdentem/projects/libopencm3/libopencm3-git/include/libopencm3/stm32/f4/adc.h:775: warning: found documented #define but ignoring it because ENABLE_PREPROCESSING is NO.

/home/esdentem/projects/libopencm3/libopencm3-git/include/libopencm3/stm32/f4/adc.h:777: warning: found documented #define but ignoring it because ENABLE_PREPROCESSING is NO.

/home/esdentem/projects/libopencm3/libopencm3-git/include/libopencm3/stm32/f4/adc.h:779: warning: found documented #define but ignoring it because ENABLE_PREPROCESSING is NO.

/home/esdentem/projects/libopencm3/libopencm3-git/include/libopencm3/stm32/f4/adc.h:783: warning: found documented #define but ignoring it because ENABLE_PREPROCESSING is NO.

/home/esdentem/projects/libopencm3/libopencm3-git/include/libopencm3/stm32/f4/adc.h:785: warning: found documented #define but ignoring it because ENABLE_PREPROCESSING is NO.

/home/esdentem/projects/libopencm3/libopencm3-git/include/libopencm3/stm32/f4/adc.h:787: warning: found documented #define but ignoring it because ENABLE_PREPROCESSING is NO.

/home/esdentem/projects/libopencm3/libopencm3-git/include/libopencm3/stm32/f4/adc.h:789: warning: found documented #define but ignoring it because ENABLE_PREPROCESSING is NO.

/home/esdentem/projects/libopencm3/libopencm3-git/include/libopencm3/stm32/f4/adc.h:791: warning: found documented #define but ignoring it because ENABLE_PREPROCESSING is NO.

/home/esdentem/projects/libopencm3/libopencm3-git/include/libopencm3/stm32/f4/adc.h:793: warning: found documented #define but ignoring it because ENABLE_PREPROCESSING is NO.

/home/esdentem/projects/libopencm3/libopencm3-git/include/libopencm3/stm32/common/dma_common_f24.h:254: warning: found documented #define but ignoring it because ENABLE_PREPROCESSING is NO.

/home/esdentem/projects/libopencm3/libopencm3-git/include/libopencm3/stm32/common/dma_common_f24.h:256: warning: found documented #define but ignoring it because ENABLE_PREPROCESSING is NO.

/home/esdentem/projects/libopencm3/libopencm3-git/include/libopencm3/stm32/common/dma_common_f24.h:258: warning: found documented #define but ignoring it because ENABLE_PREPROCESSING is NO.

/home/esdentem/projects/libopencm3/libopencm3-git/include/libopencm3/stm32/common/dma_common_f24.h:260: warning: found documented #define but ignoring it because ENABLE_PREPROCESSING is NO.

/home/esdentem/projects/libopencm3/libopencm3-git/include/libopencm3/stm32/common/dma_common_f24.h:262: warning: found documented #define but ignoring it because ENABLE_PREPROCESSING is NO.

/home/esdentem/projects/libopencm3/libopencm3-git/include/libopencm3/stm32/common/timer_common_all.h:308: warning: found documented #define but ignoring it because ENABLE_PREPROCESSING is NO.

/home/esdentem/projects/libopencm3/libopencm3-git/include/libopencm3/stm32/common/timer_common_all.h:311: warning: found documented #define but ignoring it because ENABLE_PREPROCESSING is NO.

/home/esdentem/projects/libopencm3/libopencm3-git/include/libopencm3/stm32/common/timer_common_all.h:314: warning: found documented #define but ignoring it because ENABLE_PREPROCESSING is NO.

/home/esdentem/projects/libopencm3/libopencm3-git/include/libopencm3/stm32/common/timer_common_all.h:317: warning: found documented #define but ignoring it because ENABLE_PREPROCESSING is NO.

/home/esdentem/projects/libopencm3/libopencm3-git/include/libopencm3/stm32/common/timer_common_all.h:320: warning: found documented #define but ignoring it because ENABLE_PREPROCESSING is NO.

/home/esdentem/projects/libopencm3/libopencm3-git/include/libopencm3/stm32/common/timer_common_all.h:323: warning: found documented #define but ignoring it because ENABLE_PREPROCESSING is NO.

/home/esdentem/projects/libopencm3/libopencm3-git/include/libopencm3/stm32/common/timer_common_all.h:326: warning: found documented #define but ignoring it because ENABLE_PREPROCESSING is NO.

/home/esdentem/projects/libopencm3/libopencm3-git/include/libopencm3/stm32/common/timer_common_all.h:402: warning: found documented #define but ignoring it because ENABLE_PREPROCESSING is NO.

/home/esdentem/projects/libopencm3/libopencm3-git/include/libopencm3/stm32/common/timer_common_all.h:404: warning: found documented #define but ignoring it because ENABLE_PREPROCESSING is NO.

/home/esdentem/projects/libopencm3/libopencm3-git/include/libopencm3/stm32/common/timer_common_all.h:406: warning: found documented #define but ignoring it because ENABLE_PREPROCESSING is NO.

/home/esdentem/projects/libopencm3/libopencm3-git/include/libopencm3/stm32/common/timer_common_all.h:408: warning: found documented #define but ignoring it because ENABLE_PREPROCESSING is NO.

/home/esdentem/projects/libopencm3/libopencm3-git/include/libopencm3/stm32/common/timer_common_all.h:410: warning: found documented #define but ignoring it because ENABLE_PREPROCESSING is NO.

/home/esdentem/projects/libopencm3/libopencm3-git/include/libopencm3/stm32/common/timer_common_all.h:412: warning: found documented #define but ignoring it because ENABLE_PREPROCESSING is NO.

/home/esdentem/projects/libopencm3/libopencm3-git/include/libopencm3/stm32/common/timer_common_all.h:414: warning: found documented #define but ignoring it because ENABLE_PREPROCESSING is NO.

/home/esdentem/projects/libopencm3/libopencm3-git/include/libopencm3/stm32/common/timer_common_all.h:416: warning: found documented #define but ignoring it because ENABLE_PREPROCESSING is NO.

/home/esdentem/projects/libopencm3/libopencm3-git/include/libopencm3/stm32/common/timer_common_all.h:426: warning: found documented #define but ignoring it because ENABLE_PREPROCESSING is NO.

/home/esdentem/projects/libopencm3/libopencm3-git/include/libopencm3/stm32/common/timer_common_all.h:429: warning: found documented #define but ignoring it because ENABLE_PREPROCESSING is NO.

/home/esdentem/projects/libopencm3/libopencm3-git/include/libopencm3/stm32/common/timer_common_all.h:432: warning: found documented #define but ignoring it because ENABLE_PREPROCESSING is NO.

/home/esdentem/projects/libopencm3/libopencm3-git/include/libopencm3/stm32/common/timer_common_all.h:435: warning: found documented #define but ignoring it because ENABLE_PREPROCESSING is NO.

/home/esdentem/projects/libopencm3/libopencm3-git/include/libopencm3/stm32/common/timer_common_all.h:438: warning: found documented #define but ignoring it because ENABLE_PREPROCESSING is NO.

/home/esdentem/projects/libopencm3/libopencm3-git/include/libopencm3/stm32/common/timer_common_all.h:440: warning: found documented #define but ignoring it because ENABLE_PREPROCESSING is NO.

/home/esdentem/projects/libopencm3/libopencm3-git/include/libopencm3/stm32/common/timer_common_all.h:442: warning: found documented #define but ignoring it because ENABLE_PREPROCESSING is NO.

/home/esdentem/projects/libopencm3/libopencm3-git/include/libopencm3/stm32/common/timer_common_all.h:444: warning: found documented #define but ignoring it because ENABLE_PREPROCESSING is NO.

/home/esdentem/projects/libopencm3/libopencm3-git/include/libopencm3/stm32/common/timer_common_all.h:456: warning: found documented #define but ignoring it because ENABLE_PREPROCESSING is NO.

/home/esdentem/projects/libopencm3/libopencm3-git/include/libopencm3/stm32/common/timer_common_all.h:459: warning: found documented #define but ignoring it because ENABLE_PREPROCESSING is NO.

/home/esdentem/projects/libopencm3/libopencm3-git/include/libopencm3/stm32/common/timer_common_all.h:462: warning: found documented #define but ignoring it because ENABLE_PREPROCESSING is NO.

/home/esdentem/projects/libopencm3/libopencm3-git/include/libopencm3/stm32/common/timer_common_all.h:465: warning: found documented #define but ignoring it because ENABLE_PREPROCESSING is NO.

/home/esdentem/projects/libopencm3/libopencm3-git/include/libopencm3/stm32/common/timer_common_all.h:468: warning: found documented #define but ignoring it because ENABLE_PREPROCESSING is NO.

/home/esdentem/projects/libopencm3/libopencm3-git/include/libopencm3/stm32/common/timer_common_all.h:471: warning: found documented #define but ignoring it because ENABLE_PREPROCESSING is NO.

/home/esdentem/projects/libopencm3/libopencm3-git/include/libopencm3/stm32/common/timer_common_all.h:474: warning: found documented #define but ignoring it because ENABLE_PREPROCESSING is NO.

/home/esdentem/projects/libopencm3/libopencm3-git/include/libopencm3/stm32/common/timer_common_all.h:477: warning: found documented #define but ignoring it because ENABLE_PREPROCESSING is NO.

/home/esdentem/projects/libopencm3/libopencm3-git/include/libopencm3/stm32/common/timer_common_all.h:480: warning: found documented #define but ignoring it because ENABLE_PREPROCESSING is NO.

/home/esdentem/projects/libopencm3/libopencm3-git/include/libopencm3/stm32/common/timer_common_all.h:483: warning: found documented #define but ignoring it because ENABLE_PREPROCESSING is NO.

/home/esdentem/projects/libopencm3/libopencm3-git/include/libopencm3/stm32/common/timer_common_all.h:486: warning: found documented #define but ignoring it because ENABLE_PREPROCESSING is NO.

/home/esdentem/projects/libopencm3/libopencm3-git/include/libopencm3/stm32/common/timer_common_all.h:489: warning: found documented #define but ignoring it because ENABLE_PREPROCESSING is NO.

/home/esdentem/projects/libopencm3/libopencm3-git/include/libopencm3/stm32/common/timer_common_all.h:492: warning: found documented #define but ignoring it because ENABLE_PREPROCESSING is NO.

/home/esdentem/projects/libopencm3/libopencm3-git/include/libopencm3/stm32/common/timer_common_all.h:495: warning: found documented #define but ignoring it because ENABLE_PREPROCESSING is NO.

/home/esdentem/projects/libopencm3/libopencm3-git/include/libopencm3/stm32/common/timer_common_all.h:498: warning: found documented #define but ignoring it because ENABLE_PREPROCESSING is NO.

/home/esdentem/projects/libopencm3/libopencm3-git/include/libopencm3/stm32/common/timer_common_all.h:509: warning: found documented #define but ignoring it because ENABLE_PREPROCESSING is NO.

/home/esdentem/projects/libopencm3/libopencm3-git/include/libopencm3/stm32/common/timer_common_all.h:512: warning: found documented #define but ignoring it because ENABLE_PREPROCESSING is NO.

/home/esdentem/projects/libopencm3/libopencm3-git/include/libopencm3/stm32/common/timer_common_all.h:515: warning: found documented #define but ignoring it because ENABLE_PREPROCESSING is NO.

/home/esdentem/projects/libopencm3/libopencm3-git/include/libopencm3/stm32/common/timer_common_all.h:518: warning: found documented #define but ignoring it because ENABLE_PREPROCESSING is NO.

/home/esdentem/projects/libopencm3/libopencm3-git/include/libopencm3/stm32/common/timer_common_all.h:521: warning: found documented #define but ignoring it because ENABLE_PREPROCESSING is NO.

/home/esdentem/projects/libopencm3/libopencm3-git/include/libopencm3/stm32/common/timer_common_all.h:524: warning: found documented #define but ignoring it because ENABLE_PREPROCESSING is NO.

/home/esdentem/projects/libopencm3/libopencm3-git/include/libopencm3/stm32/common/timer_common_all.h:527: warning: found documented #define but ignoring it because ENABLE_PREPROCESSING is NO.

/home/esdentem/projects/libopencm3/libopencm3-git/include/libopencm3/stm32/common/timer_common_all.h:530: warning: found documented #define but ignoring it because ENABLE_PREPROCESSING is NO.

/home/esdentem/projects/libopencm3/libopencm3-git/include/libopencm3/stm32/common/timer_common_all.h:533: warning: found documented #define but ignoring it because ENABLE_PREPROCESSING is NO.

/home/esdentem/projects/libopencm3/libopencm3-git/include/libopencm3/stm32/common/timer_common_all.h:536: warning: found documented #define but ignoring it because ENABLE_PREPROCESSING is NO.

/home/esdentem/projects/libopencm3/libopencm3-git/include/libopencm3/stm32/common/timer_common_all.h:539: warning: found documented #define but ignoring it because ENABLE_PREPROCESSING is NO.

/home/esdentem/projects/libopencm3/libopencm3-git/include/libopencm3/stm32/common/timer_common_all.h:542: warning: found documented #define but ignoring it because ENABLE_PREPROCESSING is NO.

/home/esdentem/projects/libopencm3/libopencm3-git/include/libopencm3/stm32/common/timer_common_all.h:554: warning: found documented #define but ignoring it because ENABLE_PREPROCESSING is NO.

/home/esdentem/projects/libopencm3/libopencm3-git/include/libopencm3/stm32/common/timer_common_all.h:557: warning: found documented #define but ignoring it because ENABLE_PREPROCESSING is NO.

/home/esdentem/projects/libopencm3/libopencm3-git/include/libopencm3/stm32/common/timer_common_all.h:560: warning: found documented #define but ignoring it because ENABLE_PREPROCESSING is NO.

/home/esdentem/projects/libopencm3/libopencm3-git/include/libopencm3/stm32/common/timer_common_all.h:563: warning: found documented #define but ignoring it because ENABLE_PREPROCESSING is NO.

/home/esdentem/projects/libopencm3/libopencm3-git/include/libopencm3/stm32/common/timer_common_all.h:566: warning: found documented #define but ignoring it because ENABLE_PREPROCESSING is NO.

/home/esdentem/projects/libopencm3/libopencm3-git/include/libopencm3/stm32/common/timer_common_all.h:569: warning: found documented #define but ignoring it because ENABLE_PREPROCESSING is NO.

/home/esdentem/projects/libopencm3/libopencm3-git/include/libopencm3/stm32/common/timer_common_all.h:572: warning: found documented #define but ignoring it because ENABLE_PREPROCESSING is NO.

/home/esdentem/projects/libopencm3/libopencm3-git/include/libopencm3/stm32/common/timer_common_all.h:575: warning: found documented #define but ignoring it because ENABLE_PREPROCESSING is NO.

/home/esdentem/projects/libopencm3/libopencm3-git/include/libopencm3/stm32/common/timer_common_f24.h:58: warning: found documented #define but ignoring it because ENABLE_PREPROCESSING is NO.

/home/esdentem/projects/libopencm3/libopencm3-git/include/libopencm3/stm32/common/timer_common_f24.h:60: warning: found documented #define but ignoring it because ENABLE_PREPROCESSING is NO.

/home/esdentem/projects/libopencm3/libopencm3-git/include/libopencm3/stm32/common/timer_common_f24.h:62: warning: found documented #define but ignoring it because ENABLE_PREPROCESSING is NO.

/home/esdentem/projects/libopencm3/libopencm3-git/include/libopencm3/stm32/common/timer_common_f24.h:64: warning: found documented #define but ignoring it because ENABLE_PREPROCESSING is NO.

/home/esdentem/projects/libopencm3/libopencm3-git/include/libopencm3/stm32/common/timer_common_f24.h:79: warning: found documented #define but ignoring it because ENABLE_PREPROCESSING is NO.

/home/esdentem/projects/libopencm3/libopencm3-git/include/libopencm3/stm32/common/timer_common_f24.h:81: warning: found documented #define but ignoring it because ENABLE_PREPROCESSING is NO.

/home/esdentem/projects/libopencm3/libopencm3-git/include/libopencm3/stm32/common/timer_common_f24.h:83: warning: found documented #define but ignoring it because ENABLE_PREPROCESSING is NO.

/home/esdentem/projects/libopencm3/libopencm3-git/include/libopencm3/stm32/common/timer_common_f24.h:85: warning: found documented #define but ignoring it because ENABLE_PREPROCESSING is NO.

/home/esdentem/projects/libopencm3/libopencm3-git/include/libopencm3/stm32/common/usart_common_all.h:120: warning: found documented #define but ignoring it because ENABLE_PREPROCESSING is NO.

/home/esdentem/projects/libopencm3/libopencm3-git/include/libopencm3/stm32/common/usart_common_all.h:123: warning: found documented #define but ignoring it because ENABLE_PREPROCESSING is NO.

/home/esdentem/projects/libopencm3/libopencm3-git/include/libopencm3/stm32/common/usart_common_all.h:126: warning: found documented #define but ignoring it because ENABLE_PREPROCESSING is NO.

/home/esdentem/projects/libopencm3/libopencm3-git/include/libopencm3/stm32/common/usart_common_all.h:129: warning: found documented #define but ignoring it because ENABLE_PREPROCESSING is NO.

/home/esdentem/projects/libopencm3/libopencm3-git/include/libopencm3/stm32/common/usart_common_all.h:132: warning: found documented #define but ignoring it because ENABLE_PREPROCESSING is NO.

/home/esdentem/projects/libopencm3/libopencm3-git/include/libopencm3/stm32/common/usart_common_all.h:135: warning: found documented #define but ignoring it because ENABLE_PREPROCESSING is NO.

/home/esdentem/projects/libopencm3/libopencm3-git/include/libopencm3/stm32/common/usart_common_all.h:138: warning: found documented #define but ignoring it because ENABLE_PREPROCESSING is NO.

/home/esdentem/projects/libopencm3/libopencm3-git/include/libopencm3/stm32/common/usart_common_all.h:141: warning: found documented #define but ignoring it because ENABLE_PREPROCESSING is NO.

/home/esdentem/projects/libopencm3/libopencm3-git/include/libopencm3/stm32/common/usart_common_all.h:144: warning: found documented #define but ignoring it because ENABLE_PREPROCESSING is NO.

/home/esdentem/projects/libopencm3/libopencm3-git/include/libopencm3/stm32/common/usart_common_all.h:147: warning: found documented #define but ignoring it because ENABLE_PREPROCESSING is NO.

/home/esdentem/projects/libopencm3/libopencm3-git/include/libopencm3/stm32/common/gpio_common_f24.h:192: warning: Found unknown command `\list'
/home/esdentem/projects/libopencm3/libopencm3-git/include/libopencm3/stm32/common/gpio_common_f24.h:193: warning: Found unknown command `\list'
/home/esdentem/projects/libopencm3/libopencm3-git/include/libopencm3/stm32/f4/gpio.h:1: warning: Found unknown command `\list'
/home/esdentem/projects/libopencm3/libopencm3-git/include/libopencm3/stm32/f4/gpio.h:2: warning: Found unknown command `\list'
/home/esdentem/projects/libopencm3/libopencm3-git/lib/stm32/common/timer_common_all.c:1822: warning: argument 'Unsigned' of command @param is not found in the argument list of timer_set_counter(u32 timer_peripheral, u32 count)
/home/esdentem/projects/libopencm3/libopencm3-git/lib/stm32/common/timer_common_all.c:1822: warning: The following parameters of timer_set_counter(u32 timer_peripheral, u32 count) are not documented:
  parameter 'count'
/home/esdentem/projects/libopencm3/libopencm3-git/include/libopencm3/stm32/common/gpio_common_f24.h:192: warning: Found unknown command `\list'
/home/esdentem/projects/libopencm3/libopencm3-git/include/libopencm3/stm32/common/gpio_common_f24.h:193: warning: Found unknown command `\list'
/home/esdentem/projects/libopencm3/libopencm3-git/include/libopencm3/stm32/common/gpio_common_f24.h:192: warning: Found unknown command `\list'
/home/esdentem/projects/libopencm3/libopencm3-git/include/libopencm3/stm32/common/gpio_common_f24.h:193: warning: Found unknown command `\list'
/home/esdentem/projects/libopencm3/libopencm3-git/lib/stm32/f4/adc.c:1005: warning: argument 'adc' of command @param is not found in the argument list of adc_disable_temperature_sensor(void)
/home/esdentem/projects/libopencm3/libopencm3-git/lib/stm32/f4/adc.c:991: warning: argument 'adc' of command @param is not found in the argument list of adc_enable_temperature_sensor(void)
/home/esdentem/projects/libopencm3/libopencm3-git/include/libopencm3/stm32/common/crc_common_all.h:84: warning: The following parameters of crc_calculate_block(u32 *datap, int size) are not documented:
  parameter 'size'
/home/esdentem/projects/libopencm3/libopencm3-git/lib/stm32/common/timer_common_all.c:1822: warning: argument 'Unsigned' of command @param is not found in the argument list of timer_set_counter(u32 timer_peripheral, u32 count)
/home/esdentem/projects/libopencm3/libopencm3-git/lib/stm32/common/timer_common_all.c:1822: warning: The following parameters of timer_set_counter(u32 timer_peripheral, u32 count) are not documented:
  parameter 'count'
/home/esdentem/projects/libopencm3/libopencm3-git/lib/stm32/common/timer_common_f24.c:30: warning: The following parameters of timer_set_option(u32 timer_peripheral, u32 option) are not documented:
  parameter 'option'
/home/esdentem/projects/libopencm3/libopencm3-git/include/libopencm3/stm32/common/gpio_common_f24.h:192: warning: Found unknown command `\list'
/home/esdentem/projects/libopencm3/libopencm3-git/include/libopencm3/stm32/common/gpio_common_f24.h:193: warning: Found unknown command `\list'
