Problems running dot: exit code=127, command='dot', arguments='"/home/esdentem/projects/libopencm3/libopencm3-git/doc/efm32tg/html/memorymap_8h__incl.dot" -Tpng -o "/home/esdentem/projects/libopencm3/libopencm3-git/doc/efm32tg/html/memorymap_8h__incl.png" -Tcmapx -o "/home/esdentem/projects/libopencm3/libopencm3-git/doc/efm32tg/html/memorymap_8h__incl.map"'
Problems running dot: exit code=127, command='dot', arguments='"/home/esdentem/projects/libopencm3/libopencm3-git/doc/efm32tg/html/dir_b3bc027bbb9aeff9e0e7a0d66de9ad28_dep.dot" -Tpng -o "/home/esdentem/projects/libopencm3/libopencm3-git/doc/efm32tg/html/dir_b3bc027bbb9aeff9e0e7a0d66de9ad28_dep.png" -Tcmapx -o "/home/esdentem/projects/libopencm3/libopencm3-git/doc/efm32tg/html/dir_b3bc027bbb9aeff9e0e7a0d66de9ad28_dep.map"'
Problems running dot: exit code=127, command='dot', arguments='"/home/esdentem/projects/libopencm3/libopencm3-git/doc/efm32tg/html/graph_legend.dot" -Tpng -o "/home/esdentem/projects/libopencm3/libopencm3-git/doc/efm32tg/html/graph_legend.png"'
Problems running dot: exit code=127, command='dot', arguments='"/home/esdentem/projects/libopencm3/libopencm3-git/doc/efm32tg/html/dir_25fe5e9262d999d55ae3bec204d6e013_dep.dot" -Tpng -o "/home/esdentem/projects/libopencm3/libopencm3-git/doc/efm32tg/html/dir_25fe5e9262d999d55ae3bec204d6e013_dep.png" -Tcmapx -o "/home/esdentem/projects/libopencm3/libopencm3-git/doc/efm32tg/html/dir_25fe5e9262d999d55ae3bec204d6e013_dep.map"'
Problems running dot: exit code=127, command='dot', arguments='"/home/esdentem/projects/libopencm3/libopencm3-git/doc/efm32tg/html/dir_e1040081471ffd682e8357aa53c82f70_dep.dot" -Tpng -o "/home/esdentem/projects/libopencm3/libopencm3-git/doc/efm32tg/html/dir_e1040081471ffd682e8357aa53c82f70_dep.png" -Tcmapx -o "/home/esdentem/projects/libopencm3/libopencm3-git/doc/efm32tg/html/dir_e1040081471ffd682e8357aa53c82f70_dep.map"'
Problems running dot: exit code=127, command='dot', arguments='"/home/esdentem/projects/libopencm3/libopencm3-git/doc/efm32tg/html/dir_ead20f0c10569fc5b4f0cc70c3cf6bea_dep.dot" -Tpng -o "/home/esdentem/projects/libopencm3/libopencm3-git/doc/efm32tg/html/dir_ead20f0c10569fc5b4f0cc70c3cf6bea_dep.png" -Tcmapx -o "/home/esdentem/projects/libopencm3/libopencm3-git/doc/efm32tg/html/dir_ead20f0c10569fc5b4f0cc70c3cf6bea_dep.map"'
error: problems opening map file /home/esdentem/projects/libopencm3/libopencm3-git/doc/efm32tg/html/memorymap_8h__incl.map for inclusion in the docs!
If you installed Graphviz/dot after a previous failing run, 
try deleting the output directory and rerun doxygen.
error: problems opening map file /home/esdentem/projects/libopencm3/libopencm3-git/doc/efm32tg/html/dir_b3bc027bbb9aeff9e0e7a0d66de9ad28_dep.map for inclusion in the docs!
If you installed Graphviz/dot after a previous failing run, 
try deleting the output directory and rerun doxygen.
error: problems opening map file /home/esdentem/projects/libopencm3/libopencm3-git/doc/efm32tg/html/dir_25fe5e9262d999d55ae3bec204d6e013_dep.map for inclusion in the docs!
If you installed Graphviz/dot after a previous failing run, 
try deleting the output directory and rerun doxygen.
error: problems opening map file /home/esdentem/projects/libopencm3/libopencm3-git/doc/efm32tg/html/dir_ead20f0c10569fc5b4f0cc70c3cf6bea_dep.map for inclusion in the docs!
If you installed Graphviz/dot after a previous failing run, 
try deleting the output directory and rerun doxygen.
error: problems opening map file /home/esdentem/projects/libopencm3/libopencm3-git/doc/efm32tg/html/dir_e1040081471ffd682e8357aa53c82f70_dep.map for inclusion in the docs!
If you installed Graphviz/dot after a previous failing run, 
try deleting the output directory and rerun doxygen.
