/home/esdentem/projects/libopencm3/libopencm3-git/include/libopencm3/stm32/common/adc_common_v1.h:409: warning: More #endif's than #if's found.

/home/esdentem/projects/libopencm3/libopencm3-git/include/libopencm3/stm32/common/adc_common_v1.h:411: warning: end of file while inside a group

/home/esdentem/projects/libopencm3/libopencm3-git/lib/stm32/common/timer_common_all.c:247: warning: preprocessing issue while doing constant expression evaluation: syntax error
/home/esdentem/projects/libopencm3/libopencm3-git/lib/stm32/common/timer_common_all.c:547: warning: preprocessing issue while doing constant expression evaluation: syntax error
/home/esdentem/projects/libopencm3/libopencm3-git/lib/stm32/common/timer_common_all.c:574: warning: preprocessing issue while doing constant expression evaluation: syntax error
/home/esdentem/projects/libopencm3/libopencm3-git/lib/stm32/common/timer_common_all.c:674: warning: preprocessing issue while doing constant expression evaluation: syntax error
/home/esdentem/projects/libopencm3/libopencm3-git/lib/stm32/common/timer_common_all.c:699: warning: preprocessing issue while doing constant expression evaluation: syntax error
/home/esdentem/projects/libopencm3/libopencm3-git/lib/stm32/common/timer_common_all.c:723: warning: preprocessing issue while doing constant expression evaluation: syntax error
/home/esdentem/projects/libopencm3/libopencm3-git/lib/stm32/common/timer_common_all.c:746: warning: preprocessing issue while doing constant expression evaluation: syntax error
/home/esdentem/projects/libopencm3/libopencm3-git/lib/stm32/common/timer_common_all.c:785: warning: preprocessing issue while doing constant expression evaluation: syntax error
/home/esdentem/projects/libopencm3/libopencm3-git/lib/stm32/common/timer_common_all.c:1221: warning: preprocessing issue while doing constant expression evaluation: syntax error
/home/esdentem/projects/libopencm3/libopencm3-git/lib/stm32/common/timer_common_all.c:1283: warning: preprocessing issue while doing constant expression evaluation: syntax error
/home/esdentem/projects/libopencm3/libopencm3-git/lib/stm32/common/timer_common_all.c:1345: warning: preprocessing issue while doing constant expression evaluation: syntax error
/home/esdentem/projects/libopencm3/libopencm3-git/lib/stm32/common/timer_common_all.c:1407: warning: preprocessing issue while doing constant expression evaluation: syntax error
/home/esdentem/projects/libopencm3/libopencm3-git/lib/stm32/common/timer_common_all.c:1452: warning: preprocessing issue while doing constant expression evaluation: syntax error
/home/esdentem/projects/libopencm3/libopencm3-git/lib/stm32/common/timer_common_all.c:1505: warning: preprocessing issue while doing constant expression evaluation: syntax error
/home/esdentem/projects/libopencm3/libopencm3-git/lib/stm32/common/timer_common_all.c:1595: warning: preprocessing issue while doing constant expression evaluation: syntax error
/home/esdentem/projects/libopencm3/libopencm3-git/lib/stm32/common/timer_common_all.c:1618: warning: preprocessing issue while doing constant expression evaluation: syntax error
/home/esdentem/projects/libopencm3/libopencm3-git/lib/stm32/common/timer_common_all.c:1642: warning: preprocessing issue while doing constant expression evaluation: syntax error
/home/esdentem/projects/libopencm3/libopencm3-git/lib/stm32/common/timer_common_all.c:1666: warning: preprocessing issue while doing constant expression evaluation: syntax error
/home/esdentem/projects/libopencm3/libopencm3-git/lib/stm32/common/timer_common_all.c:1688: warning: preprocessing issue while doing constant expression evaluation: syntax error
/home/esdentem/projects/libopencm3/libopencm3-git/lib/stm32/common/timer_common_all.c:1710: warning: preprocessing issue while doing constant expression evaluation: syntax error
/home/esdentem/projects/libopencm3/libopencm3-git/lib/stm32/common/timer_common_all.c:1732: warning: preprocessing issue while doing constant expression evaluation: syntax error
/home/esdentem/projects/libopencm3/libopencm3-git/lib/stm32/common/timer_common_all.c:1754: warning: preprocessing issue while doing constant expression evaluation: syntax error
/home/esdentem/projects/libopencm3/libopencm3-git/lib/stm32/common/timer_common_all.c:1780: warning: preprocessing issue while doing constant expression evaluation: syntax error
/home/esdentem/projects/libopencm3/libopencm3-git/lib/stm32/common/timer_common_all.c:1805: warning: preprocessing issue while doing constant expression evaluation: syntax error
/home/esdentem/projects/libopencm3/libopencm3-git/lib/stm32/common/timer_common_all.c:1829: warning: preprocessing issue while doing constant expression evaluation: syntax error
/home/esdentem/projects/libopencm3/libopencm3-git/lib/stm32/common/timer_common_all.c:1852: warning: preprocessing issue while doing constant expression evaluation: syntax error
/home/esdentem/projects/libopencm3/libopencm3-git/lib/stm32/common/timer_common_all.c:1877: warning: preprocessing issue while doing constant expression evaluation: syntax error
/home/esdentem/projects/libopencm3/libopencm3-git/lib/stm32/common/timer_common_all.c:1909: warning: preprocessing issue while doing constant expression evaluation: syntax error
/home/esdentem/projects/libopencm3/libopencm3-git/include/libopencm3/stm32/common/dma_common_l1f013.h:147: warning: group dma_if_offset: ignoring title "DMA Interrupt Flag Offsets within channel flag" that does not match old title "DMA Interrupt Flag Offsets within stream flag group."

/home/esdentem/projects/libopencm3/libopencm3-git/lib/stm32/common/st_usbfs_core.c:42: warning: The following parameters of st_usbfs_set_ep_rx_bufsize(usbd_device *dev, uint8_t ep, uint32_t size) are not documented:
  parameter 'dev'
/home/esdentem/projects/libopencm3/libopencm3-git/lib/stm32/common/st_usbfs_core.c:42: warning: The following parameters of st_usbfs_set_ep_rx_bufsize(usbd_device *dev, uint8_t ep, uint32_t size) are not documented:
  parameter 'dev'
/home/esdentem/projects/libopencm3/libopencm3-git/include/libopencm3/stm32/common/gpio_common_f234.h:164: warning: Found unknown command `\list'
/home/esdentem/projects/libopencm3/libopencm3-git/include/libopencm3/stm32/common/gpio_common_f234.h:165: warning: Found unknown command `\list'
/home/esdentem/projects/libopencm3/libopencm3-git/include/libopencm3/stm32/l0/gpio.h:1: warning: Found unknown command `\list'
/home/esdentem/projects/libopencm3/libopencm3-git/include/libopencm3/stm32/l0/gpio.h:2: warning: Found unknown command `\list'
/home/esdentem/projects/libopencm3/libopencm3-git/lib/stm32/l0/rcc.c:130: warning: explicit link request to 'osc_t' could not be resolved
/home/esdentem/projects/libopencm3/libopencm3-git/lib/stm32/l0/rcc.c:194: warning: explicit link request to 'osc_t' could not be resolved
/home/esdentem/projects/libopencm3/libopencm3-git/lib/stm32/l0/rcc.c:162: warning: explicit link request to 'osc_t' could not be resolved
/home/esdentem/projects/libopencm3/libopencm3-git/lib/stm32/l0/rcc.c:226: warning: explicit link request to 'osc_t' could not be resolved
/home/esdentem/projects/libopencm3/libopencm3-git/lib/stm32/common/rcc_common_all.c:99: warning: unable to resolve reference to `rcc_ahbrstr_rst' for \ref command
/home/esdentem/projects/libopencm3/libopencm3-git/lib/stm32/common/rcc_common_all.c:100: warning: unable to resolve reference to `rcc_apb1rstr_rst' for \ref command
/home/esdentem/projects/libopencm3/libopencm3-git/lib/stm32/common/rcc_common_all.c:101: warning: unable to resolve reference to `rcc_apb2rstr_rst' for \ref command
/home/esdentem/projects/libopencm3/libopencm3-git/lib/stm32/common/rcc_common_all.c:78: warning: unable to resolve reference to `rcc_ahbrstr_rst' for \ref command
/home/esdentem/projects/libopencm3/libopencm3-git/lib/stm32/common/rcc_common_all.c:79: warning: unable to resolve reference to `rcc_apb1rstr_rst' for \ref command
/home/esdentem/projects/libopencm3/libopencm3-git/lib/stm32/common/rcc_common_all.c:80: warning: unable to resolve reference to `rcc_apb2rstr_rst' for \ref command
/home/esdentem/projects/libopencm3/libopencm3-git/lib/stm32/common/rcc_common_all.c:189: warning: Found unknown command `\parame'
/home/esdentem/projects/libopencm3/libopencm3-git/lib/stm32/l0/rcc.c:264: warning: explicit link request to 'osc_t' could not be resolved
/home/esdentem/projects/libopencm3/libopencm3-git/include/libopencm3/stm32/common/gpio_common_f234.h:164: warning: Found unknown command `\list'
/home/esdentem/projects/libopencm3/libopencm3-git/include/libopencm3/stm32/common/gpio_common_f234.h:165: warning: Found unknown command `\list'
/home/esdentem/projects/libopencm3/libopencm3-git/include/libopencm3/stm32/common/gpio_common_f234.h:164: warning: Found unknown command `\list'
/home/esdentem/projects/libopencm3/libopencm3-git/include/libopencm3/stm32/common/gpio_common_f234.h:165: warning: Found unknown command `\list'
/home/esdentem/projects/libopencm3/libopencm3-git/lib/stm32/l0/rcc.c:130: warning: explicit link request to 'osc_t' could not be resolved
/home/esdentem/projects/libopencm3/libopencm3-git/lib/stm32/l0/rcc.c:194: warning: explicit link request to 'osc_t' could not be resolved
/home/esdentem/projects/libopencm3/libopencm3-git/lib/stm32/l0/rcc.c:162: warning: explicit link request to 'osc_t' could not be resolved
/home/esdentem/projects/libopencm3/libopencm3-git/lib/stm32/l0/rcc.c:226: warning: explicit link request to 'osc_t' could not be resolved
/home/esdentem/projects/libopencm3/libopencm3-git/lib/stm32/l0/rcc.c:264: warning: explicit link request to 'osc_t' could not be resolved
/home/esdentem/projects/libopencm3/libopencm3-git/lib/stm32/common/flash_common_f24.c:345: warning: argument 'uint32_t' of command @param is not found in the argument list of flash_erase_sector(uint8_t sector, uint32_t program_size)
/home/esdentem/projects/libopencm3/libopencm3-git/lib/stm32/common/flash_common_f24.c:345: warning: The following parameters of flash_erase_sector(uint8_t sector, uint32_t program_size) are not documented:
  parameter 'sector'
/home/esdentem/projects/libopencm3/libopencm3-git/lib/stm32/common/flash_common_f24.c:322: warning: argument 'uint32_t' of command @param is not found in the argument list of flash_program(uint32_t address, uint8_t *data, uint32_t len)
/home/esdentem/projects/libopencm3/libopencm3-git/lib/stm32/common/flash_common_f24.c:322: warning: argument 'uint8_t' of command @param is not found in the argument list of flash_program(uint32_t address, uint8_t *data, uint32_t len)
/home/esdentem/projects/libopencm3/libopencm3-git/lib/stm32/common/flash_common_f24.c:322: warning: argument 'uint32_t' of command @param is not found in the argument list of flash_program(uint32_t address, uint8_t *data, uint32_t len)
/home/esdentem/projects/libopencm3/libopencm3-git/lib/stm32/common/flash_common_f24.c:322: warning: The following parameters of flash_program(uint32_t address, uint8_t *data, uint32_t len) are not documented:
  parameter 'address'
  parameter 'data'
  parameter 'len'
/home/esdentem/projects/libopencm3/libopencm3-git/lib/stm32/common/flash_common_f24.c:297: warning: argument 'uint32_t' of command @param is not found in the argument list of flash_program_byte(uint32_t address, uint8_t data)
/home/esdentem/projects/libopencm3/libopencm3-git/lib/stm32/common/flash_common_f24.c:297: warning: argument 'uint8_t' of command @param is not found in the argument list of flash_program_byte(uint32_t address, uint8_t data)
/home/esdentem/projects/libopencm3/libopencm3-git/lib/stm32/common/flash_common_f24.c:297: warning: The following parameters of flash_program_byte(uint32_t address, uint8_t data) are not documented:
  parameter 'address'
  parameter 'data'
/home/esdentem/projects/libopencm3/libopencm3-git/lib/stm32/common/flash_common_f24.c:212: warning: argument 'uint32_t' of command @param is not found in the argument list of flash_program_double_word(uint32_t address, uint64_t data)
/home/esdentem/projects/libopencm3/libopencm3-git/lib/stm32/common/flash_common_f24.c:212: warning: argument 'uint64_t' of command @param is not found in the argument list of flash_program_double_word(uint32_t address, uint64_t data)
/home/esdentem/projects/libopencm3/libopencm3-git/lib/stm32/common/flash_common_f24.c:212: warning: The following parameters of flash_program_double_word(uint32_t address, uint64_t data) are not documented:
  parameter 'address'
  parameter 'data'
/home/esdentem/projects/libopencm3/libopencm3-git/lib/stm32/common/flash_common_f24.c:272: warning: argument 'uint32_t' of command @param is not found in the argument list of flash_program_half_word(uint32_t address, uint16_t data)
/home/esdentem/projects/libopencm3/libopencm3-git/lib/stm32/common/flash_common_f24.c:272: warning: argument 'uint16_t' of command @param is not found in the argument list of flash_program_half_word(uint32_t address, uint16_t data)
/home/esdentem/projects/libopencm3/libopencm3-git/lib/stm32/common/flash_common_f24.c:272: warning: The following parameters of flash_program_half_word(uint32_t address, uint16_t data) are not documented:
  parameter 'address'
  parameter 'data'
/home/esdentem/projects/libopencm3/libopencm3-git/lib/stm32/common/flash_common_f01.c:208: warning: argument 'uint32_t' of command @param is not found in the argument list of flash_program_option_bytes(uint32_t address, uint16_t data)
/home/esdentem/projects/libopencm3/libopencm3-git/lib/stm32/common/flash_common_f01.c:214: warning: unable to resolve reference to `flash_options' for \ref command
/home/esdentem/projects/libopencm3/libopencm3-git/lib/stm32/common/flash_common_f01.c:208: warning: argument 'uint16_t' of command @param is not found in the argument list of flash_program_option_bytes(uint32_t address, uint16_t data)
/home/esdentem/projects/libopencm3/libopencm3-git/lib/stm32/common/flash_common_f01.c:208: warning: The following parameters of flash_program_option_bytes(uint32_t address, uint16_t data) are not documented:
  parameter 'address'
  parameter 'data'
/home/esdentem/projects/libopencm3/libopencm3-git/lib/stm32/common/flash_common_f24.c:394: warning: argument 'uint32_t' of command @param is not found in the argument list of flash_program_option_bytes(uint32_t data)
/home/esdentem/projects/libopencm3/libopencm3-git/lib/stm32/common/flash_common_f24.c:394: warning: The following parameters of flash_program_option_bytes(uint32_t data) are not documented:
  parameter 'data'
/home/esdentem/projects/libopencm3/libopencm3-git/lib/stm32/common/dma_common_l1f013.c:67: warning: argument 'stream' of command @param is not found in the argument list of dma_clear_interrupt_flags(uint32_t dma, uint8_t channel, uint32_t interrupts)
/home/esdentem/projects/libopencm3/libopencm3-git/lib/stm32/common/dma_common_l1f013.c:317: warning: argument 'stream' of command @param is not found in the argument list of dma_disable_half_transfer_interrupt(uint32_t dma, uint8_t channel)
/home/esdentem/projects/libopencm3/libopencm3-git/lib/stm32/common/dma_common_l1f013.c:193: warning: argument 'stream' of command @param is not found in the argument list of dma_disable_memory_increment_mode(uint32_t dma, uint8_t channel)
/home/esdentem/projects/libopencm3/libopencm3-git/lib/stm32/common/dma_common_l1f013.c:221: warning: argument 'stream' of command @param is not found in the argument list of dma_disable_peripheral_increment_mode(uint32_t dma, uint8_t channel)
/home/esdentem/projects/libopencm3/libopencm3-git/lib/stm32/common/dma_common_l1f013.c:341: warning: argument 'stream' of command @param is not found in the argument list of dma_disable_transfer_complete_interrupt(uint32_t dma, uint8_t channel)
/home/esdentem/projects/libopencm3/libopencm3-git/lib/stm32/common/dma_common_l1f013.c:293: warning: argument 'stream' of command @param is not found in the argument list of dma_disable_transfer_error_interrupt(uint32_t dma, uint8_t channel)
/home/esdentem/projects/libopencm3/libopencm3-git/lib/stm32/common/dma_common_l1f013.c:233: warning: argument 'stream' of command @param is not found in the argument list of dma_enable_circular_mode(uint32_t dma, uint8_t channel)
/home/esdentem/projects/libopencm3/libopencm3-git/lib/stm32/common/dma_common_l1f013.c:305: warning: argument 'stream' of command @param is not found in the argument list of dma_enable_half_transfer_interrupt(uint32_t dma, uint8_t channel)
/home/esdentem/projects/libopencm3/libopencm3-git/lib/stm32/common/dma_common_l1f013.c:177: warning: argument 'stream' of command @param is not found in the argument list of dma_enable_memory_increment_mode(uint32_t dma, uint8_t channel)
/home/esdentem/projects/libopencm3/libopencm3-git/lib/stm32/common/dma_common_l1f013.c:205: warning: argument 'stream' of command @param is not found in the argument list of dma_enable_peripheral_increment_mode(uint32_t dma, uint8_t channel)
/home/esdentem/projects/libopencm3/libopencm3-git/lib/stm32/common/dma_common_l1f013.c:329: warning: argument 'stream' of command @param is not found in the argument list of dma_enable_transfer_complete_interrupt(uint32_t dma, uint8_t channel)
/home/esdentem/projects/libopencm3/libopencm3-git/lib/stm32/common/dma_common_l1f013.c:281: warning: argument 'stream' of command @param is not found in the argument list of dma_enable_transfer_error_interrupt(uint32_t dma, uint8_t channel)
/home/esdentem/projects/libopencm3/libopencm3-git/lib/stm32/common/dma_common_l1f013.c:87: warning: argument 'stream' of command @param is not found in the argument list of dma_get_interrupt_flag(uint32_t dma, uint8_t channel, uint32_t interrupt)
/home/esdentem/projects/libopencm3/libopencm3-git/lib/stm32/common/dma_common_l1f013.c:401: warning: argument 'stream' of command @param is not found in the argument list of dma_set_memory_address(uint32_t dma, uint8_t channel, uint32_t address)
/home/esdentem/projects/libopencm3/libopencm3-git/lib/stm32/common/dma_common_l1f013.c:139: warning: argument 'stream' of command @param is not found in the argument list of dma_set_memory_size(uint32_t dma, uint8_t channel, uint32_t mem_size)
/home/esdentem/projects/libopencm3/libopencm3-git/lib/stm32/common/dma_common_l1f013.c:419: warning: argument 'stream' of command @param is not found in the argument list of dma_set_number_of_data(uint32_t dma, uint8_t channel, uint16_t number)
/home/esdentem/projects/libopencm3/libopencm3-git/lib/stm32/common/dma_common_l1f013.c:380: warning: argument 'stream' of command @param is not found in the argument list of dma_set_peripheral_address(uint32_t dma, uint8_t channel, uint32_t address)
/home/esdentem/projects/libopencm3/libopencm3-git/lib/stm32/common/dma_common_l1f013.c:157: warning: argument 'stream' of command @param is not found in the argument list of dma_set_peripheral_size(uint32_t dma, uint8_t channel, uint32_t peripheral_size)
/home/esdentem/projects/libopencm3/libopencm3-git/lib/stm32/common/dma_common_l1f013.c:122: warning: argument 'stream' of command @param is not found in the argument list of dma_set_priority(uint32_t dma, uint8_t channel, uint32_t prio)
/home/esdentem/projects/libopencm3/libopencm3-git/lib/stm32/common/flash_common_f24.c:345: warning: argument 'uint32_t' of command @param is not found in the argument list of flash_erase_sector(uint8_t sector, uint32_t program_size)
/home/esdentem/projects/libopencm3/libopencm3-git/lib/stm32/common/flash_common_f24.c:345: warning: The following parameters of flash_erase_sector(uint8_t sector, uint32_t program_size) are not documented:
  parameter 'sector'
/home/esdentem/projects/libopencm3/libopencm3-git/lib/stm32/common/flash_common_f24.c:322: warning: argument 'uint32_t' of command @param is not found in the argument list of flash_program(uint32_t address, uint8_t *data, uint32_t len)
/home/esdentem/projects/libopencm3/libopencm3-git/lib/stm32/common/flash_common_f24.c:322: warning: argument 'uint8_t' of command @param is not found in the argument list of flash_program(uint32_t address, uint8_t *data, uint32_t len)
/home/esdentem/projects/libopencm3/libopencm3-git/lib/stm32/common/flash_common_f24.c:322: warning: argument 'uint32_t' of command @param is not found in the argument list of flash_program(uint32_t address, uint8_t *data, uint32_t len)
/home/esdentem/projects/libopencm3/libopencm3-git/lib/stm32/common/flash_common_f24.c:322: warning: The following parameters of flash_program(uint32_t address, uint8_t *data, uint32_t len) are not documented:
  parameter 'address'
  parameter 'data'
  parameter 'len'
/home/esdentem/projects/libopencm3/libopencm3-git/lib/stm32/common/flash_common_f24.c:297: warning: argument 'uint32_t' of command @param is not found in the argument list of flash_program_byte(uint32_t address, uint8_t data)
/home/esdentem/projects/libopencm3/libopencm3-git/lib/stm32/common/flash_common_f24.c:297: warning: argument 'uint8_t' of command @param is not found in the argument list of flash_program_byte(uint32_t address, uint8_t data)
/home/esdentem/projects/libopencm3/libopencm3-git/lib/stm32/common/flash_common_f24.c:297: warning: The following parameters of flash_program_byte(uint32_t address, uint8_t data) are not documented:
  parameter 'address'
  parameter 'data'
/home/esdentem/projects/libopencm3/libopencm3-git/lib/stm32/common/flash_common_f24.c:212: warning: argument 'uint32_t' of command @param is not found in the argument list of flash_program_double_word(uint32_t address, uint64_t data)
/home/esdentem/projects/libopencm3/libopencm3-git/lib/stm32/common/flash_common_f24.c:212: warning: argument 'uint64_t' of command @param is not found in the argument list of flash_program_double_word(uint32_t address, uint64_t data)
/home/esdentem/projects/libopencm3/libopencm3-git/lib/stm32/common/flash_common_f24.c:212: warning: The following parameters of flash_program_double_word(uint32_t address, uint64_t data) are not documented:
  parameter 'address'
  parameter 'data'
/home/esdentem/projects/libopencm3/libopencm3-git/lib/stm32/common/flash_common_f24.c:272: warning: argument 'uint32_t' of command @param is not found in the argument list of flash_program_half_word(uint32_t address, uint16_t data)
/home/esdentem/projects/libopencm3/libopencm3-git/lib/stm32/common/flash_common_f24.c:272: warning: argument 'uint16_t' of command @param is not found in the argument list of flash_program_half_word(uint32_t address, uint16_t data)
/home/esdentem/projects/libopencm3/libopencm3-git/lib/stm32/common/flash_common_f24.c:272: warning: The following parameters of flash_program_half_word(uint32_t address, uint16_t data) are not documented:
  parameter 'address'
  parameter 'data'
/home/esdentem/projects/libopencm3/libopencm3-git/lib/stm32/common/flash_common_f01.c:208: warning: argument 'uint32_t' of command @param is not found in the argument list of flash_program_option_bytes(uint32_t address, uint16_t data)
/home/esdentem/projects/libopencm3/libopencm3-git/lib/stm32/common/flash_common_f01.c:214: warning: unable to resolve reference to `flash_options' for \ref command
/home/esdentem/projects/libopencm3/libopencm3-git/lib/stm32/common/flash_common_f01.c:208: warning: argument 'uint16_t' of command @param is not found in the argument list of flash_program_option_bytes(uint32_t address, uint16_t data)
/home/esdentem/projects/libopencm3/libopencm3-git/lib/stm32/common/flash_common_f01.c:208: warning: The following parameters of flash_program_option_bytes(uint32_t address, uint16_t data) are not documented:
  parameter 'address'
  parameter 'data'
/home/esdentem/projects/libopencm3/libopencm3-git/lib/stm32/common/flash_common_f24.c:394: warning: argument 'uint32_t' of command @param is not found in the argument list of flash_program_option_bytes(uint32_t data)
/home/esdentem/projects/libopencm3/libopencm3-git/lib/stm32/common/flash_common_f24.c:394: warning: The following parameters of flash_program_option_bytes(uint32_t data) are not documented:
  parameter 'data'
/home/esdentem/projects/libopencm3/libopencm3-git/lib/stm32/common/flash_common_f24.c:242: warning: argument 'uint32_t' of command @param is not found in the argument list of flash_program_word(uint32_t address, uint32_t data)
/home/esdentem/projects/libopencm3/libopencm3-git/lib/stm32/common/flash_common_f24.c:242: warning: argument 'uint32_t' of command @param is not found in the argument list of flash_program_word(uint32_t address, uint32_t data)
/home/esdentem/projects/libopencm3/libopencm3-git/lib/stm32/common/flash_common_f24.c:242: warning: argument 'uint32_t' of command @param is not found in the argument list of flash_program_word(uint32_t address, uint32_t data)
/home/esdentem/projects/libopencm3/libopencm3-git/lib/stm32/common/flash_common_f24.c:242: warning: argument 'uint32_t' of command @param is not found in the argument list of flash_program_word(uint32_t address, uint32_t data)
/home/esdentem/projects/libopencm3/libopencm3-git/lib/stm32/common/flash_common_f24.c:242: warning: The following parameters of flash_program_word(uint32_t address, uint32_t data) are not documented:
  parameter 'address'
  parameter 'data'
/home/esdentem/projects/libopencm3/libopencm3-git/lib/stm32/common/flash_common_f234.c:30: warning: argument 'uint32_t' of command @param is not found in the argument list of flash_set_ws(uint32_t ws)
/home/esdentem/projects/libopencm3/libopencm3-git/lib/stm32/common/flash_common_f234.c:35: warning: unable to resolve reference to `flash_latency' for \ref command
/home/esdentem/projects/libopencm3/libopencm3-git/lib/stm32/common/flash_common_f234.c:30: warning: argument 'uint32_t' of command @param is not found in the argument list of flash_set_ws(uint32_t ws)
/home/esdentem/projects/libopencm3/libopencm3-git/lib/stm32/common/flash_common_f234.c:42: warning: unable to resolve reference to `flash_latency' for \ref command
/home/esdentem/projects/libopencm3/libopencm3-git/lib/stm32/common/flash_common_f234.c:30: warning: The following parameters of flash_set_ws(uint32_t ws) are not documented:
  parameter 'ws'
/home/esdentem/projects/libopencm3/libopencm3-git/lib/stm32/common/spi_common_l1f124.c:75: warning: argument 'crcl' of command @param is not found in the argument list of spi_init_master(uint32_t spi, uint32_t br, uint32_t cpol, uint32_t cpha, uint32_t dff, uint32_t lsbfirst)
/home/esdentem/projects/libopencm3/libopencm3-git/lib/stm32/common/spi_common_l1f124.c:86: warning: unable to resolve reference to `spi_crcl' for \ref command
/home/esdentem/projects/libopencm3/libopencm3-git/lib/stm32/common/timer_common_f24.c:30: warning: The following parameters of timer_set_option(uint32_t timer_peripheral, uint32_t option) are not documented:
  parameter 'option'
/home/esdentem/projects/libopencm3/libopencm3-git/include/libopencm3/stm32/common/gpio_common_f234.h:164: warning: Found unknown command `\list'
/home/esdentem/projects/libopencm3/libopencm3-git/include/libopencm3/stm32/common/gpio_common_f234.h:165: warning: Found unknown command `\list'
