Problems running dot: exit code=127, command='dot', arguments='"/home/esdentem/projects/libopencm3/libopencm3-git/doc/lpc13xx/html/gpio_8c__incl.dot" -Tpng -o "/home/esdentem/projects/libopencm3/libopencm3-git/doc/lpc13xx/html/gpio_8c__incl.png" -Tcmapx -o "/home/esdentem/projects/libopencm3/libopencm3-git/doc/lpc13xx/html/gpio_8c__incl.map"'
Problems running dot: exit code=127, command='dot', arguments='"/home/esdentem/projects/libopencm3/libopencm3-git/doc/lpc13xx/html/gpio_8h__incl.dot" -Tpng -o "/home/esdentem/projects/libopencm3/libopencm3-git/doc/lpc13xx/html/gpio_8h__incl.png" -Tcmapx -o "/home/esdentem/projects/libopencm3/libopencm3-git/doc/lpc13xx/html/gpio_8h__incl.map"'
Problems running dot: exit code=127, command='dot', arguments='"/home/esdentem/projects/libopencm3/libopencm3-git/doc/lpc13xx/html/memorymap_8h__incl.dot" -Tpng -o "/home/esdentem/projects/libopencm3/libopencm3-git/doc/lpc13xx/html/memorymap_8h__incl.png" -Tcmapx -o "/home/esdentem/projects/libopencm3/libopencm3-git/doc/lpc13xx/html/memorymap_8h__incl.map"'
Problems running dot: exit code=127, command='dot', arguments='"/home/esdentem/projects/libopencm3/libopencm3-git/doc/lpc13xx/html/memorymap_8h__dep__incl.dot" -Tpng -o "/home/esdentem/projects/libopencm3/libopencm3-git/doc/lpc13xx/html/memorymap_8h__dep__incl.png" -Tcmapx -o "/home/esdentem/projects/libopencm3/libopencm3-git/doc/lpc13xx/html/memorymap_8h__dep__incl.map"'
Problems running dot: exit code=127, command='dot', arguments='"/home/esdentem/projects/libopencm3/libopencm3-git/doc/lpc13xx/html/graph_legend.dot" -Tpng -o "/home/esdentem/projects/libopencm3/libopencm3-git/doc/lpc13xx/html/graph_legend.png"'
Problems running dot: exit code=127, command='dot', arguments='"/home/esdentem/projects/libopencm3/libopencm3-git/doc/lpc13xx/html/dir_d44c64559bbebec7f509842c48db8b23_dep.dot" -Tpng -o "/home/esdentem/projects/libopencm3/libopencm3-git/doc/lpc13xx/html/dir_d44c64559bbebec7f509842c48db8b23_dep.png" -Tcmapx -o "/home/esdentem/projects/libopencm3/libopencm3-git/doc/lpc13xx/html/dir_d44c64559bbebec7f509842c48db8b23_dep.map"'
Problems running dot: exit code=127, command='dot', arguments='"/home/esdentem/projects/libopencm3/libopencm3-git/doc/lpc13xx/html/dir_97aefd0d527b934f1d99a682da8fe6a9_dep.dot" -Tpng -o "/home/esdentem/projects/libopencm3/libopencm3-git/doc/lpc13xx/html/dir_97aefd0d527b934f1d99a682da8fe6a9_dep.png" -Tcmapx -o "/home/esdentem/projects/libopencm3/libopencm3-git/doc/lpc13xx/html/dir_97aefd0d527b934f1d99a682da8fe6a9_dep.map"'
Problems running dot: exit code=127, command='dot', arguments='"/home/esdentem/projects/libopencm3/libopencm3-git/doc/lpc13xx/html/dir_6a7820b97a7704ff85bcff20dea7ce23_dep.dot" -Tpng -o "/home/esdentem/projects/libopencm3/libopencm3-git/doc/lpc13xx/html/dir_6a7820b97a7704ff85bcff20dea7ce23_dep.png" -Tcmapx -o "/home/esdentem/projects/libopencm3/libopencm3-git/doc/lpc13xx/html/dir_6a7820b97a7704ff85bcff20dea7ce23_dep.map"'
Problems running dot: exit code=127, command='dot', arguments='"/home/esdentem/projects/libopencm3/libopencm3-git/doc/lpc13xx/html/gpio_8h__dep__incl.dot" -Tpng -o "/home/esdentem/projects/libopencm3/libopencm3-git/doc/lpc13xx/html/gpio_8h__dep__incl.png" -Tcmapx -o "/home/esdentem/projects/libopencm3/libopencm3-git/doc/lpc13xx/html/gpio_8h__dep__incl.map"'
Problems running dot: exit code=127, command='dot', arguments='"/home/esdentem/projects/libopencm3/libopencm3-git/doc/lpc13xx/html/dir_9ac93f0ab16d0df68bd1ed8c9eb6e1e0_dep.dot" -Tpng -o "/home/esdentem/projects/libopencm3/libopencm3-git/doc/lpc13xx/html/dir_9ac93f0ab16d0df68bd1ed8c9eb6e1e0_dep.png" -Tcmapx -o "/home/esdentem/projects/libopencm3/libopencm3-git/doc/lpc13xx/html/dir_9ac93f0ab16d0df68bd1ed8c9eb6e1e0_dep.map"'
Problems running dot: exit code=127, command='dot', arguments='"/home/esdentem/projects/libopencm3/libopencm3-git/doc/lpc13xx/html/dir_78dacd6b61454eade97c89bae3564eb7_dep.dot" -Tpng -o "/home/esdentem/projects/libopencm3/libopencm3-git/doc/lpc13xx/html/dir_78dacd6b61454eade97c89bae3564eb7_dep.png" -Tcmapx -o "/home/esdentem/projects/libopencm3/libopencm3-git/doc/lpc13xx/html/dir_78dacd6b61454eade97c89bae3564eb7_dep.map"'
error: problems opening map file /home/esdentem/projects/libopencm3/libopencm3-git/doc/lpc13xx/html/gpio_8c__incl.map for inclusion in the docs!
If you installed Graphviz/dot after a previous failing run, 
try deleting the output directory and rerun doxygen.
error: problems opening map file /home/esdentem/projects/libopencm3/libopencm3-git/doc/lpc13xx/html/gpio_8h__incl.map for inclusion in the docs!
If you installed Graphviz/dot after a previous failing run, 
try deleting the output directory and rerun doxygen.
error: problems opening map file /home/esdentem/projects/libopencm3/libopencm3-git/doc/lpc13xx/html/gpio_8h__dep__incl.map for inclusion in the docs!
If you installed Graphviz/dot after a previous failing run, 
try deleting the output directory and rerun doxygen.
error: problems opening map file /home/esdentem/projects/libopencm3/libopencm3-git/doc/lpc13xx/html/memorymap_8h__incl.map for inclusion in the docs!
If you installed Graphviz/dot after a previous failing run, 
try deleting the output directory and rerun doxygen.
error: problems opening map file /home/esdentem/projects/libopencm3/libopencm3-git/doc/lpc13xx/html/memorymap_8h__dep__incl.map for inclusion in the docs!
If you installed Graphviz/dot after a previous failing run, 
try deleting the output directory and rerun doxygen.
error: problems opening map file /home/esdentem/projects/libopencm3/libopencm3-git/doc/lpc13xx/html/dir_d44c64559bbebec7f509842c48db8b23_dep.map for inclusion in the docs!
If you installed Graphviz/dot after a previous failing run, 
try deleting the output directory and rerun doxygen.
error: problems opening map file /home/esdentem/projects/libopencm3/libopencm3-git/doc/lpc13xx/html/dir_97aefd0d527b934f1d99a682da8fe6a9_dep.map for inclusion in the docs!
If you installed Graphviz/dot after a previous failing run, 
try deleting the output directory and rerun doxygen.
error: problems opening map file /home/esdentem/projects/libopencm3/libopencm3-git/doc/lpc13xx/html/dir_6a7820b97a7704ff85bcff20dea7ce23_dep.map for inclusion in the docs!
If you installed Graphviz/dot after a previous failing run, 
try deleting the output directory and rerun doxygen.
error: problems opening map file /home/esdentem/projects/libopencm3/libopencm3-git/doc/lpc13xx/html/dir_9ac93f0ab16d0df68bd1ed8c9eb6e1e0_dep.map for inclusion in the docs!
If you installed Graphviz/dot after a previous failing run, 
try deleting the output directory and rerun doxygen.
error: problems opening map file /home/esdentem/projects/libopencm3/libopencm3-git/doc/lpc13xx/html/dir_78dacd6b61454eade97c89bae3564eb7_dep.map for inclusion in the docs!
If you installed Graphviz/dot after a previous failing run, 
try deleting the output directory and rerun doxygen.
