/home/esdentem/projects/libopencm3/libopencm3-git/lib/stm32/common/flash_common_f234.c:123: warning: end of file while inside a group

/home/esdentem/projects/libopencm3/libopencm3-git/lib/stm32/common/flash_common_f24.c:419: warning: end of file while inside a group

/home/esdentem/projects/libopencm3/libopencm3-git/include/libopencm3/stm32/common/dma_common_l1f013.h:149: warning: group dma_if_offset: ignoring title "DMA Interrupt Flag Offsets within channel flag" that does not match old title "DMA Interrupt Flag Offsets within stream flag group."

/home/esdentem/projects/libopencm3/libopencm3-git/lib/stm32/common/flash_common_f24.c:347: warning: argument 'uint32_t' of command @param is not found in the argument list of flash_erase_sector(uint8_t sector, uint32_t program_size)
/home/esdentem/projects/libopencm3/libopencm3-git/lib/stm32/common/flash_common_f24.c:347: warning: The following parameters of flash_erase_sector(uint8_t sector, uint32_t program_size) are not documented:
  parameter 'sector'
/home/esdentem/projects/libopencm3/libopencm3-git/lib/stm32/common/flash_common_f24.c:324: warning: argument 'uint32_t' of command @param is not found in the argument list of flash_program(uint32_t address, uint8_t *data, uint32_t len)
/home/esdentem/projects/libopencm3/libopencm3-git/lib/stm32/common/flash_common_f24.c:324: warning: argument 'uint8_t' of command @param is not found in the argument list of flash_program(uint32_t address, uint8_t *data, uint32_t len)
/home/esdentem/projects/libopencm3/libopencm3-git/lib/stm32/common/flash_common_f24.c:324: warning: argument 'uint32_t' of command @param is not found in the argument list of flash_program(uint32_t address, uint8_t *data, uint32_t len)
/home/esdentem/projects/libopencm3/libopencm3-git/lib/stm32/common/flash_common_f24.c:324: warning: The following parameters of flash_program(uint32_t address, uint8_t *data, uint32_t len) are not documented:
  parameter 'address'
  parameter 'data'
  parameter 'len'
/home/esdentem/projects/libopencm3/libopencm3-git/lib/stm32/common/flash_common_f24.c:299: warning: argument 'uint32_t' of command @param is not found in the argument list of flash_program_byte(uint32_t address, uint8_t data)
/home/esdentem/projects/libopencm3/libopencm3-git/lib/stm32/common/flash_common_f24.c:299: warning: argument 'uint8_t' of command @param is not found in the argument list of flash_program_byte(uint32_t address, uint8_t data)
/home/esdentem/projects/libopencm3/libopencm3-git/lib/stm32/common/flash_common_f24.c:299: warning: The following parameters of flash_program_byte(uint32_t address, uint8_t data) are not documented:
  parameter 'address'
  parameter 'data'
/home/esdentem/projects/libopencm3/libopencm3-git/lib/stm32/common/flash_common_f24.c:214: warning: argument 'uint32_t' of command @param is not found in the argument list of flash_program_double_word(uint32_t address, uint64_t data)
/home/esdentem/projects/libopencm3/libopencm3-git/lib/stm32/common/flash_common_f24.c:214: warning: argument 'uint64_t' of command @param is not found in the argument list of flash_program_double_word(uint32_t address, uint64_t data)
/home/esdentem/projects/libopencm3/libopencm3-git/lib/stm32/common/flash_common_f24.c:214: warning: The following parameters of flash_program_double_word(uint32_t address, uint64_t data) are not documented:
  parameter 'address'
  parameter 'data'
/home/esdentem/projects/libopencm3/libopencm3-git/lib/stm32/common/flash_common_f24.c:274: warning: argument 'uint32_t' of command @param is not found in the argument list of flash_program_half_word(uint32_t address, uint16_t data)
/home/esdentem/projects/libopencm3/libopencm3-git/lib/stm32/common/flash_common_f24.c:274: warning: argument 'uint16_t' of command @param is not found in the argument list of flash_program_half_word(uint32_t address, uint16_t data)
/home/esdentem/projects/libopencm3/libopencm3-git/lib/stm32/common/flash_common_f24.c:274: warning: The following parameters of flash_program_half_word(uint32_t address, uint16_t data) are not documented:
  parameter 'address'
  parameter 'data'
/home/esdentem/projects/libopencm3/libopencm3-git/lib/stm32/common/flash_common_f24.c:396: warning: argument 'uint32_t' of command @param is not found in the argument list of flash_program_option_bytes(uint32_t data)
/home/esdentem/projects/libopencm3/libopencm3-git/lib/stm32/common/flash_common_f24.c:396: warning: The following parameters of flash_program_option_bytes(uint32_t data) are not documented:
  parameter 'data'
/home/esdentem/projects/libopencm3/libopencm3-git/lib/stm32/common/flash_common_f24.c:244: warning: argument 'uint32_t' of command @param is not found in the argument list of flash_program_word(uint32_t address, uint32_t data)
/home/esdentem/projects/libopencm3/libopencm3-git/lib/stm32/common/flash_common_f24.c:244: warning: argument 'uint32_t' of command @param is not found in the argument list of flash_program_word(uint32_t address, uint32_t data)
/home/esdentem/projects/libopencm3/libopencm3-git/lib/stm32/common/flash_common_f24.c:244: warning: The following parameters of flash_program_word(uint32_t address, uint32_t data) are not documented:
  parameter 'address'
  parameter 'data'
/home/esdentem/projects/libopencm3/libopencm3-git/lib/stm32/common/flash_common_f234.c:31: warning: argument 'uint32_t' of command @param is not found in the argument list of flash_set_ws(uint32_t ws)
/home/esdentem/projects/libopencm3/libopencm3-git/lib/stm32/common/flash_common_f234.c:31: warning: argument 'uint32_t' of command @param is not found in the argument list of flash_set_ws(uint32_t ws)
/home/esdentem/projects/libopencm3/libopencm3-git/lib/stm32/common/flash_common_f234.c:31: warning: argument 'uint32_t' of command @param is not found in the argument list of flash_set_ws(uint32_t ws)
/home/esdentem/projects/libopencm3/libopencm3-git/lib/stm32/common/flash_common_f234.c:31: warning: The following parameters of flash_set_ws(uint32_t ws) are not documented:
  parameter 'ws'
/home/esdentem/projects/libopencm3/libopencm3-git/include/libopencm3/stm32/l1/gpio.h:165: warning: Found unknown command `\list'
/home/esdentem/projects/libopencm3/libopencm3-git/include/libopencm3/stm32/l1/gpio.h:166: warning: Found unknown command `\list'
/home/esdentem/projects/libopencm3/libopencm3-git/include/libopencm3/stm32/l1/gpio.h:1: warning: Found unknown command `\list'
/home/esdentem/projects/libopencm3/libopencm3-git/include/libopencm3/stm32/l1/gpio.h:2: warning: Found unknown command `\list'
/home/esdentem/projects/libopencm3/libopencm3-git/include/libopencm3/stm32/l1/gpio.h:165: warning: Found unknown command `\list'
/home/esdentem/projects/libopencm3/libopencm3-git/include/libopencm3/stm32/l1/gpio.h:166: warning: Found unknown command `\list'
/home/esdentem/projects/libopencm3/libopencm3-git/include/libopencm3/stm32/l1/gpio.h:165: warning: Found unknown command `\list'
/home/esdentem/projects/libopencm3/libopencm3-git/include/libopencm3/stm32/l1/gpio.h:166: warning: Found unknown command `\list'
/home/esdentem/projects/libopencm3/libopencm3-git/lib/stm32/common/rcc_common_all.c:128: warning: argument 'periph' of command @param is not found in the argument list of rcc_periph_clock_disable(enum rcc_periph_clken clken)
/home/esdentem/projects/libopencm3/libopencm3-git/lib/stm32/common/rcc_common_all.c:132: warning: explicit link request to 'periph_t' could not be resolved
/home/esdentem/projects/libopencm3/libopencm3-git/lib/stm32/common/rcc_common_all.c:128: warning: The following parameters of rcc_periph_clock_disable(enum rcc_periph_clken clken) are not documented:
  parameter 'clken'
/home/esdentem/projects/libopencm3/libopencm3-git/lib/stm32/common/rcc_common_all.c:114: warning: argument 'periph' of command @param is not found in the argument list of rcc_periph_clock_enable(enum rcc_periph_clken clken)
/home/esdentem/projects/libopencm3/libopencm3-git/lib/stm32/common/rcc_common_all.c:118: warning: explicit link request to 'periph_t' could not be resolved
/home/esdentem/projects/libopencm3/libopencm3-git/lib/stm32/common/rcc_common_all.c:114: warning: The following parameters of rcc_periph_clock_enable(enum rcc_periph_clken clken) are not documented:
  parameter 'clken'
/home/esdentem/projects/libopencm3/libopencm3-git/lib/stm32/common/rcc_common_all.c:157: warning: argument 'periph' of command @param is not found in the argument list of rcc_periph_reset_hold(enum rcc_periph_rst rst)
/home/esdentem/projects/libopencm3/libopencm3-git/lib/stm32/common/rcc_common_all.c:161: warning: explicit link request to 'periph_t' could not be resolved
/home/esdentem/projects/libopencm3/libopencm3-git/lib/stm32/common/rcc_common_all.c:157: warning: The following parameters of rcc_periph_reset_hold(enum rcc_periph_rst rst) are not documented:
  parameter 'rst'
/home/esdentem/projects/libopencm3/libopencm3-git/lib/stm32/common/rcc_common_all.c:141: warning: argument 'periph' of command @param is not found in the argument list of rcc_periph_reset_pulse(enum rcc_periph_rst rst)
/home/esdentem/projects/libopencm3/libopencm3-git/lib/stm32/common/rcc_common_all.c:145: warning: explicit link request to 'periph_t' could not be resolved
/home/esdentem/projects/libopencm3/libopencm3-git/lib/stm32/common/rcc_common_all.c:141: warning: The following parameters of rcc_periph_reset_pulse(enum rcc_periph_rst rst) are not documented:
  parameter 'rst'
/home/esdentem/projects/libopencm3/libopencm3-git/lib/stm32/common/rcc_common_all.c:172: warning: argument 'periph' of command @param is not found in the argument list of rcc_periph_reset_release(enum rcc_periph_rst rst)
/home/esdentem/projects/libopencm3/libopencm3-git/lib/stm32/common/rcc_common_all.c:176: warning: explicit link request to 'periph_t' could not be resolved
/home/esdentem/projects/libopencm3/libopencm3-git/lib/stm32/common/rcc_common_all.c:172: warning: The following parameters of rcc_periph_reset_release(enum rcc_periph_rst rst) are not documented:
  parameter 'rst'
/home/esdentem/projects/libopencm3/libopencm3-git/lib/stm32/common/rcc_common_all.c:99: warning: unable to resolve reference to `rcc_ahbrstr_rst' for \ref command
/home/esdentem/projects/libopencm3/libopencm3-git/lib/stm32/common/rcc_common_all.c:100: warning: unable to resolve reference to `rcc_apb1rstr_rst' for \ref command
/home/esdentem/projects/libopencm3/libopencm3-git/lib/stm32/common/rcc_common_all.c:101: warning: unable to resolve reference to `rcc_apb2rstr_rst' for \ref command
/home/esdentem/projects/libopencm3/libopencm3-git/lib/stm32/common/rcc_common_all.c:78: warning: unable to resolve reference to `rcc_ahbrstr_rst' for \ref command
/home/esdentem/projects/libopencm3/libopencm3-git/lib/stm32/common/rcc_common_all.c:79: warning: unable to resolve reference to `rcc_apb1rstr_rst' for \ref command
/home/esdentem/projects/libopencm3/libopencm3-git/lib/stm32/common/rcc_common_all.c:80: warning: unable to resolve reference to `rcc_apb2rstr_rst' for \ref command
/home/esdentem/projects/libopencm3/libopencm3-git/lib/stm32/common/dma_common_l1f013.c:67: warning: argument 'stream' of command @param is not found in the argument list of dma_clear_interrupt_flags(uint32_t dma, uint8_t channel, uint32_t interrupts)
/home/esdentem/projects/libopencm3/libopencm3-git/lib/stm32/common/dma_common_l1f013.c:317: warning: argument 'stream' of command @param is not found in the argument list of dma_disable_half_transfer_interrupt(uint32_t dma, uint8_t channel)
/home/esdentem/projects/libopencm3/libopencm3-git/lib/stm32/common/dma_common_l1f013.c:193: warning: argument 'stream' of command @param is not found in the argument list of dma_disable_memory_increment_mode(uint32_t dma, uint8_t channel)
/home/esdentem/projects/libopencm3/libopencm3-git/lib/stm32/common/dma_common_l1f013.c:221: warning: argument 'stream' of command @param is not found in the argument list of dma_disable_peripheral_increment_mode(uint32_t dma, uint8_t channel)
/home/esdentem/projects/libopencm3/libopencm3-git/lib/stm32/common/dma_common_l1f013.c:341: warning: argument 'stream' of command @param is not found in the argument list of dma_disable_transfer_complete_interrupt(uint32_t dma, uint8_t channel)
/home/esdentem/projects/libopencm3/libopencm3-git/lib/stm32/common/dma_common_l1f013.c:293: warning: argument 'stream' of command @param is not found in the argument list of dma_disable_transfer_error_interrupt(uint32_t dma, uint8_t channel)
/home/esdentem/projects/libopencm3/libopencm3-git/lib/stm32/common/dma_common_l1f013.c:233: warning: argument 'stream' of command @param is not found in the argument list of dma_enable_circular_mode(uint32_t dma, uint8_t channel)
/home/esdentem/projects/libopencm3/libopencm3-git/lib/stm32/common/dma_common_l1f013.c:305: warning: argument 'stream' of command @param is not found in the argument list of dma_enable_half_transfer_interrupt(uint32_t dma, uint8_t channel)
/home/esdentem/projects/libopencm3/libopencm3-git/lib/stm32/common/dma_common_l1f013.c:177: warning: argument 'stream' of command @param is not found in the argument list of dma_enable_memory_increment_mode(uint32_t dma, uint8_t channel)
/home/esdentem/projects/libopencm3/libopencm3-git/lib/stm32/common/dma_common_l1f013.c:205: warning: argument 'stream' of command @param is not found in the argument list of dma_enable_peripheral_increment_mode(uint32_t dma, uint8_t channel)
/home/esdentem/projects/libopencm3/libopencm3-git/lib/stm32/common/dma_common_l1f013.c:329: warning: argument 'stream' of command @param is not found in the argument list of dma_enable_transfer_complete_interrupt(uint32_t dma, uint8_t channel)
/home/esdentem/projects/libopencm3/libopencm3-git/lib/stm32/common/dma_common_l1f013.c:281: warning: argument 'stream' of command @param is not found in the argument list of dma_enable_transfer_error_interrupt(uint32_t dma, uint8_t channel)
/home/esdentem/projects/libopencm3/libopencm3-git/lib/stm32/common/dma_common_l1f013.c:87: warning: argument 'stream' of command @param is not found in the argument list of dma_get_interrupt_flag(uint32_t dma, uint8_t channel, uint32_t interrupt)
/home/esdentem/projects/libopencm3/libopencm3-git/lib/stm32/common/dma_common_l1f013.c:401: warning: argument 'stream' of command @param is not found in the argument list of dma_set_memory_address(uint32_t dma, uint8_t channel, uint32_t address)
/home/esdentem/projects/libopencm3/libopencm3-git/lib/stm32/common/dma_common_l1f013.c:139: warning: argument 'stream' of command @param is not found in the argument list of dma_set_memory_size(uint32_t dma, uint8_t channel, uint32_t mem_size)
/home/esdentem/projects/libopencm3/libopencm3-git/lib/stm32/common/dma_common_l1f013.c:419: warning: argument 'stream' of command @param is not found in the argument list of dma_set_number_of_data(uint32_t dma, uint8_t channel, uint16_t number)
/home/esdentem/projects/libopencm3/libopencm3-git/lib/stm32/common/dma_common_l1f013.c:380: warning: argument 'stream' of command @param is not found in the argument list of dma_set_peripheral_address(uint32_t dma, uint8_t channel, uint32_t address)
/home/esdentem/projects/libopencm3/libopencm3-git/lib/stm32/common/dma_common_l1f013.c:157: warning: argument 'stream' of command @param is not found in the argument list of dma_set_peripheral_size(uint32_t dma, uint8_t channel, uint32_t peripheral_size)
/home/esdentem/projects/libopencm3/libopencm3-git/lib/stm32/common/dma_common_l1f013.c:122: warning: argument 'stream' of command @param is not found in the argument list of dma_set_priority(uint32_t dma, uint8_t channel, uint32_t prio)
/home/esdentem/projects/libopencm3/libopencm3-git/lib/stm32/common/flash_common_f24.c:347: warning: argument 'uint32_t' of command @param is not found in the argument list of flash_erase_sector(uint8_t sector, uint32_t program_size)
/home/esdentem/projects/libopencm3/libopencm3-git/lib/stm32/common/flash_common_f24.c:347: warning: The following parameters of flash_erase_sector(uint8_t sector, uint32_t program_size) are not documented:
  parameter 'sector'
/home/esdentem/projects/libopencm3/libopencm3-git/lib/stm32/common/flash_common_f24.c:324: warning: argument 'uint32_t' of command @param is not found in the argument list of flash_program(uint32_t address, uint8_t *data, uint32_t len)
/home/esdentem/projects/libopencm3/libopencm3-git/lib/stm32/common/flash_common_f24.c:324: warning: argument 'uint8_t' of command @param is not found in the argument list of flash_program(uint32_t address, uint8_t *data, uint32_t len)
/home/esdentem/projects/libopencm3/libopencm3-git/lib/stm32/common/flash_common_f24.c:324: warning: argument 'uint32_t' of command @param is not found in the argument list of flash_program(uint32_t address, uint8_t *data, uint32_t len)
/home/esdentem/projects/libopencm3/libopencm3-git/lib/stm32/common/flash_common_f24.c:324: warning: The following parameters of flash_program(uint32_t address, uint8_t *data, uint32_t len) are not documented:
  parameter 'address'
  parameter 'data'
  parameter 'len'
/home/esdentem/projects/libopencm3/libopencm3-git/lib/stm32/common/flash_common_f24.c:299: warning: argument 'uint32_t' of command @param is not found in the argument list of flash_program_byte(uint32_t address, uint8_t data)
/home/esdentem/projects/libopencm3/libopencm3-git/lib/stm32/common/flash_common_f24.c:299: warning: argument 'uint8_t' of command @param is not found in the argument list of flash_program_byte(uint32_t address, uint8_t data)
/home/esdentem/projects/libopencm3/libopencm3-git/lib/stm32/common/flash_common_f24.c:299: warning: The following parameters of flash_program_byte(uint32_t address, uint8_t data) are not documented:
  parameter 'address'
  parameter 'data'
/home/esdentem/projects/libopencm3/libopencm3-git/lib/stm32/common/flash_common_f24.c:214: warning: argument 'uint32_t' of command @param is not found in the argument list of flash_program_double_word(uint32_t address, uint64_t data)
/home/esdentem/projects/libopencm3/libopencm3-git/lib/stm32/common/flash_common_f24.c:214: warning: argument 'uint64_t' of command @param is not found in the argument list of flash_program_double_word(uint32_t address, uint64_t data)
/home/esdentem/projects/libopencm3/libopencm3-git/lib/stm32/common/flash_common_f24.c:214: warning: The following parameters of flash_program_double_word(uint32_t address, uint64_t data) are not documented:
  parameter 'address'
  parameter 'data'
/home/esdentem/projects/libopencm3/libopencm3-git/lib/stm32/common/flash_common_f24.c:274: warning: argument 'uint32_t' of command @param is not found in the argument list of flash_program_half_word(uint32_t address, uint16_t data)
/home/esdentem/projects/libopencm3/libopencm3-git/lib/stm32/common/flash_common_f24.c:274: warning: argument 'uint16_t' of command @param is not found in the argument list of flash_program_half_word(uint32_t address, uint16_t data)
/home/esdentem/projects/libopencm3/libopencm3-git/lib/stm32/common/flash_common_f24.c:274: warning: The following parameters of flash_program_half_word(uint32_t address, uint16_t data) are not documented:
  parameter 'address'
  parameter 'data'
/home/esdentem/projects/libopencm3/libopencm3-git/lib/stm32/common/flash_common_f24.c:396: warning: argument 'uint32_t' of command @param is not found in the argument list of flash_program_option_bytes(uint32_t data)
/home/esdentem/projects/libopencm3/libopencm3-git/lib/stm32/common/flash_common_f24.c:396: warning: The following parameters of flash_program_option_bytes(uint32_t data) are not documented:
  parameter 'data'
/home/esdentem/projects/libopencm3/libopencm3-git/lib/stm32/common/flash_common_f24.c:244: warning: argument 'uint32_t' of command @param is not found in the argument list of flash_program_word(uint32_t address, uint32_t data)
/home/esdentem/projects/libopencm3/libopencm3-git/lib/stm32/common/flash_common_f24.c:244: warning: argument 'uint32_t' of command @param is not found in the argument list of flash_program_word(uint32_t address, uint32_t data)
/home/esdentem/projects/libopencm3/libopencm3-git/lib/stm32/common/flash_common_f24.c:244: warning: The following parameters of flash_program_word(uint32_t address, uint32_t data) are not documented:
  parameter 'address'
  parameter 'data'
/home/esdentem/projects/libopencm3/libopencm3-git/lib/stm32/common/flash_common_f234.c:31: warning: argument 'uint32_t' of command @param is not found in the argument list of flash_set_ws(uint32_t ws)
/home/esdentem/projects/libopencm3/libopencm3-git/lib/stm32/common/flash_common_f234.c:31: warning: argument 'uint32_t' of command @param is not found in the argument list of flash_set_ws(uint32_t ws)
/home/esdentem/projects/libopencm3/libopencm3-git/lib/stm32/common/flash_common_f234.c:31: warning: The following parameters of flash_set_ws(uint32_t ws) are not documented:
  parameter 'ws'
/home/esdentem/projects/libopencm3/libopencm3-git/lib/stm32/common/spi_common_l1f124.c:75: warning: argument 'crcl' of command @param is not found in the argument list of spi_init_master(uint32_t spi, uint32_t br, uint32_t cpol, uint32_t cpha, uint32_t dff, uint32_t lsbfirst)
/home/esdentem/projects/libopencm3/libopencm3-git/lib/stm32/common/spi_common_l1f124.c:86: warning: unable to resolve reference to `spi_crcl' for \ref command
/home/esdentem/projects/libopencm3/libopencm3-git/lib/stm32/common/timer_common_f234.c:34: warning: explicit link request to 'tim_ic_pol' could not be resolved
/home/esdentem/projects/libopencm3/libopencm3-git/lib/stm32/l1/timer.c:39: warning: The following parameters of timer_set_option(uint32_t timer_peripheral, uint32_t option) are not documented:
  parameter 'option'
/home/esdentem/projects/libopencm3/libopencm3-git/include/libopencm3/stm32/l1/gpio.h:165: warning: Found unknown command `\list'
/home/esdentem/projects/libopencm3/libopencm3-git/include/libopencm3/stm32/l1/gpio.h:166: warning: Found unknown command `\list'
