/home/esdentem/projects/libopencm3/libopencm3-git/include/libopencm3/stm32/common/adc_common_v1.h:409: warning: More #endif's than #if's found.

/home/esdentem/projects/libopencm3/libopencm3-git/include/libopencm3/stm32/common/adc_common_v1.h:411: warning: end of file while inside a group

/home/esdentem/projects/libopencm3/libopencm3-git/lib/stm32/common/timer_common_all.c:247: warning: preprocessing issue while doing constant expression evaluation: syntax error
/home/esdentem/projects/libopencm3/libopencm3-git/lib/stm32/common/timer_common_all.c:547: warning: preprocessing issue while doing constant expression evaluation: syntax error
/home/esdentem/projects/libopencm3/libopencm3-git/lib/stm32/common/timer_common_all.c:574: warning: preprocessing issue while doing constant expression evaluation: syntax error
/home/esdentem/projects/libopencm3/libopencm3-git/lib/stm32/common/timer_common_all.c:674: warning: preprocessing issue while doing constant expression evaluation: syntax error
/home/esdentem/projects/libopencm3/libopencm3-git/lib/stm32/common/timer_common_all.c:699: warning: preprocessing issue while doing constant expression evaluation: syntax error
/home/esdentem/projects/libopencm3/libopencm3-git/lib/stm32/common/timer_common_all.c:723: warning: preprocessing issue while doing constant expression evaluation: syntax error
/home/esdentem/projects/libopencm3/libopencm3-git/lib/stm32/common/timer_common_all.c:746: warning: preprocessing issue while doing constant expression evaluation: syntax error
/home/esdentem/projects/libopencm3/libopencm3-git/lib/stm32/common/timer_common_all.c:785: warning: preprocessing issue while doing constant expression evaluation: syntax error
/home/esdentem/projects/libopencm3/libopencm3-git/lib/stm32/common/timer_common_all.c:1221: warning: preprocessing issue while doing constant expression evaluation: syntax error
/home/esdentem/projects/libopencm3/libopencm3-git/lib/stm32/common/timer_common_all.c:1283: warning: preprocessing issue while doing constant expression evaluation: syntax error
/home/esdentem/projects/libopencm3/libopencm3-git/lib/stm32/common/timer_common_all.c:1345: warning: preprocessing issue while doing constant expression evaluation: syntax error
/home/esdentem/projects/libopencm3/libopencm3-git/lib/stm32/common/timer_common_all.c:1407: warning: preprocessing issue while doing constant expression evaluation: syntax error
/home/esdentem/projects/libopencm3/libopencm3-git/lib/stm32/common/timer_common_all.c:1452: warning: preprocessing issue while doing constant expression evaluation: syntax error
/home/esdentem/projects/libopencm3/libopencm3-git/lib/stm32/common/timer_common_all.c:1505: warning: preprocessing issue while doing constant expression evaluation: syntax error
/home/esdentem/projects/libopencm3/libopencm3-git/lib/stm32/common/timer_common_all.c:1595: warning: preprocessing issue while doing constant expression evaluation: syntax error
/home/esdentem/projects/libopencm3/libopencm3-git/lib/stm32/common/timer_common_all.c:1618: warning: preprocessing issue while doing constant expression evaluation: syntax error
/home/esdentem/projects/libopencm3/libopencm3-git/lib/stm32/common/timer_common_all.c:1642: warning: preprocessing issue while doing constant expression evaluation: syntax error
/home/esdentem/projects/libopencm3/libopencm3-git/lib/stm32/common/timer_common_all.c:1666: warning: preprocessing issue while doing constant expression evaluation: syntax error
/home/esdentem/projects/libopencm3/libopencm3-git/lib/stm32/common/timer_common_all.c:1688: warning: preprocessing issue while doing constant expression evaluation: syntax error
/home/esdentem/projects/libopencm3/libopencm3-git/lib/stm32/common/timer_common_all.c:1710: warning: preprocessing issue while doing constant expression evaluation: syntax error
/home/esdentem/projects/libopencm3/libopencm3-git/lib/stm32/common/timer_common_all.c:1732: warning: preprocessing issue while doing constant expression evaluation: syntax error
/home/esdentem/projects/libopencm3/libopencm3-git/lib/stm32/common/timer_common_all.c:1754: warning: preprocessing issue while doing constant expression evaluation: syntax error
/home/esdentem/projects/libopencm3/libopencm3-git/lib/stm32/common/timer_common_all.c:1780: warning: preprocessing issue while doing constant expression evaluation: syntax error
/home/esdentem/projects/libopencm3/libopencm3-git/lib/stm32/common/timer_common_all.c:1805: warning: preprocessing issue while doing constant expression evaluation: syntax error
/home/esdentem/projects/libopencm3/libopencm3-git/lib/stm32/common/timer_common_all.c:1829: warning: preprocessing issue while doing constant expression evaluation: syntax error
/home/esdentem/projects/libopencm3/libopencm3-git/lib/stm32/common/timer_common_all.c:1852: warning: preprocessing issue while doing constant expression evaluation: syntax error
/home/esdentem/projects/libopencm3/libopencm3-git/lib/stm32/common/timer_common_all.c:1877: warning: preprocessing issue while doing constant expression evaluation: syntax error
/home/esdentem/projects/libopencm3/libopencm3-git/lib/stm32/common/timer_common_all.c:1909: warning: preprocessing issue while doing constant expression evaluation: syntax error
/home/esdentem/projects/libopencm3/libopencm3-git/lib/stm32/common/st_usbfs_core.c:42: warning: The following parameters of st_usbfs_set_ep_rx_bufsize(usbd_device *dev, uint8_t ep, uint32_t size) are not documented:
  parameter 'dev'
/home/esdentem/projects/libopencm3/libopencm3-git/lib/stm32/common/st_usbfs_core.c:42: warning: The following parameters of st_usbfs_set_ep_rx_bufsize(usbd_device *dev, uint8_t ep, uint32_t size) are not documented:
  parameter 'dev'
/home/esdentem/projects/libopencm3/libopencm3-git/include/libopencm3/stm32/common/gpio_common_f234.h:164: warning: Found unknown command `\list'
/home/esdentem/projects/libopencm3/libopencm3-git/include/libopencm3/stm32/common/gpio_common_f234.h:165: warning: Found unknown command `\list'
/home/esdentem/projects/libopencm3/libopencm3-git/include/libopencm3/stm32/f7/gpio.h:1: warning: Found unknown command `\list'
/home/esdentem/projects/libopencm3/libopencm3-git/include/libopencm3/stm32/f7/gpio.h:2: warning: Found unknown command `\list'
/home/esdentem/projects/libopencm3/libopencm3-git/include/libopencm3/stm32/common/gpio_common_f234.h:164: warning: Found unknown command `\list'
/home/esdentem/projects/libopencm3/libopencm3-git/include/libopencm3/stm32/common/gpio_common_f234.h:165: warning: Found unknown command `\list'
/home/esdentem/projects/libopencm3/libopencm3-git/include/libopencm3/stm32/common/gpio_common_f234.h:164: warning: Found unknown command `\list'
/home/esdentem/projects/libopencm3/libopencm3-git/include/libopencm3/stm32/common/gpio_common_f234.h:165: warning: Found unknown command `\list'
/home/esdentem/projects/libopencm3/libopencm3-git/lib/stm32/common/flash_common_f234.c:35: warning: unable to resolve reference to `flash_latency' for \ref command
/home/esdentem/projects/libopencm3/libopencm3-git/lib/stm32/common/hash_common_f24.c:143: warning: argument 'algorithm' of command @param is not found in the argument list of hash_get_result(uint32_t *data)
/home/esdentem/projects/libopencm3/libopencm3-git/lib/stm32/common/rcc_common_all.c:132: warning: explicit link request to 'rcc_periph_clken' could not be resolved
/home/esdentem/projects/libopencm3/libopencm3-git/lib/stm32/common/rcc_common_all.c:118: warning: explicit link request to 'rcc_periph_clken' could not be resolved
/home/esdentem/projects/libopencm3/libopencm3-git/lib/stm32/common/rcc_common_all.c:161: warning: explicit link request to 'rcc_periph_rst' could not be resolved
/home/esdentem/projects/libopencm3/libopencm3-git/lib/stm32/common/rcc_common_all.c:145: warning: explicit link request to 'rcc_periph_rst' could not be resolved
/home/esdentem/projects/libopencm3/libopencm3-git/lib/stm32/common/rcc_common_all.c:176: warning: explicit link request to 'rcc_periph_rst' could not be resolved
/home/esdentem/projects/libopencm3/libopencm3-git/lib/stm32/common/rcc_common_all.c:99: warning: unable to resolve reference to `rcc_ahbrstr_rst' for \ref command
/home/esdentem/projects/libopencm3/libopencm3-git/lib/stm32/common/rcc_common_all.c:100: warning: unable to resolve reference to `rcc_apb1rstr_rst' for \ref command
/home/esdentem/projects/libopencm3/libopencm3-git/lib/stm32/common/rcc_common_all.c:101: warning: unable to resolve reference to `rcc_apb2rstr_rst' for \ref command
/home/esdentem/projects/libopencm3/libopencm3-git/lib/stm32/common/rcc_common_all.c:58: warning: unable to resolve reference to `rcc_ahbenr_en' for \ref command
/home/esdentem/projects/libopencm3/libopencm3-git/lib/stm32/common/rcc_common_all.c:59: warning: unable to resolve reference to `rcc_apb1enr_en' for \ref command
/home/esdentem/projects/libopencm3/libopencm3-git/lib/stm32/common/rcc_common_all.c:60: warning: unable to resolve reference to `rcc_apb2enr_en' for \ref command
/home/esdentem/projects/libopencm3/libopencm3-git/lib/stm32/common/rcc_common_all.c:36: warning: unable to resolve reference to `rcc_ahbenr_en' for \ref command
/home/esdentem/projects/libopencm3/libopencm3-git/lib/stm32/common/rcc_common_all.c:37: warning: unable to resolve reference to `rcc_apb1enr_en' for \ref command
/home/esdentem/projects/libopencm3/libopencm3-git/lib/stm32/common/rcc_common_all.c:38: warning: unable to resolve reference to `rcc_apb2enr_en' for \ref command
/home/esdentem/projects/libopencm3/libopencm3-git/lib/stm32/common/rcc_common_all.c:78: warning: unable to resolve reference to `rcc_ahbrstr_rst' for \ref command
/home/esdentem/projects/libopencm3/libopencm3-git/lib/stm32/common/rcc_common_all.c:79: warning: unable to resolve reference to `rcc_apb1rstr_rst' for \ref command
/home/esdentem/projects/libopencm3/libopencm3-git/lib/stm32/common/rcc_common_all.c:80: warning: unable to resolve reference to `rcc_apb2rstr_rst' for \ref command
/home/esdentem/projects/libopencm3/libopencm3-git/lib/stm32/common/rcc_common_all.c:189: warning: Found unknown command `\parame'
/home/esdentem/projects/libopencm3/libopencm3-git/lib/stm32/common/flash_common_f234.c:35: warning: unable to resolve reference to `flash_latency' for \ref command
/home/esdentem/projects/libopencm3/libopencm3-git/lib/stm32/common/hash_common_f24.c:143: warning: argument 'algorithm' of command @param is not found in the argument list of hash_get_result(uint32_t *data)
/home/esdentem/projects/libopencm3/libopencm3-git/lib/stm32/common/timer_common_f24.c:30: warning: The following parameters of timer_set_option(uint32_t timer_peripheral, uint32_t option) are not documented:
  parameter 'option'
/home/esdentem/projects/libopencm3/libopencm3-git/include/libopencm3/stm32/common/gpio_common_f234.h:164: warning: Found unknown command `\list'
/home/esdentem/projects/libopencm3/libopencm3-git/include/libopencm3/stm32/common/gpio_common_f234.h:165: warning: Found unknown command `\list'
