Problems running dot: exit code=127, command='dot', arguments='"/home/esdentem/projects/libopencm3/libopencm3-git/doc/lpc17xx/html/graph_legend.dot" -Tpng -o "/home/esdentem/projects/libopencm3/libopencm3-git/doc/lpc17xx/html/graph_legend.png"'
Problems running dot: exit code=127, command='dot', arguments='"/home/esdentem/projects/libopencm3/libopencm3-git/doc/lpc17xx/html/dir_97aefd0d527b934f1d99a682da8fe6a9_dep.dot" -Tpng -o "/home/esdentem/projects/libopencm3/libopencm3-git/doc/lpc17xx/html/dir_97aefd0d527b934f1d99a682da8fe6a9_dep.png" -Tcmapx -o "/home/esdentem/projects/libopencm3/libopencm3-git/doc/lpc17xx/html/dir_97aefd0d527b934f1d99a682da8fe6a9_dep.map"'
Problems running dot: exit code=127, command='dot', arguments='"/home/esdentem/projects/libopencm3/libopencm3-git/doc/lpc17xx/html/dir_6a7820b97a7704ff85bcff20dea7ce23_dep.dot" -Tpng -o "/home/esdentem/projects/libopencm3/libopencm3-git/doc/lpc17xx/html/dir_6a7820b97a7704ff85bcff20dea7ce23_dep.png" -Tcmapx -o "/home/esdentem/projects/libopencm3/libopencm3-git/doc/lpc17xx/html/dir_6a7820b97a7704ff85bcff20dea7ce23_dep.map"'
Problems running dot: exit code=127, command='dot', arguments='"/home/esdentem/projects/libopencm3/libopencm3-git/doc/lpc17xx/html/dir_d44c64559bbebec7f509842c48db8b23_dep.dot" -Tpng -o "/home/esdentem/projects/libopencm3/libopencm3-git/doc/lpc17xx/html/dir_d44c64559bbebec7f509842c48db8b23_dep.png" -Tcmapx -o "/home/esdentem/projects/libopencm3/libopencm3-git/doc/lpc17xx/html/dir_d44c64559bbebec7f509842c48db8b23_dep.map"'
Problems running dot: exit code=127, command='dot', arguments='"/home/esdentem/projects/libopencm3/libopencm3-git/doc/lpc17xx/html/dir_f9dfdb53076d236e85e20774ccbdc816_dep.dot" -Tpng -o "/home/esdentem/projects/libopencm3/libopencm3-git/doc/lpc17xx/html/dir_f9dfdb53076d236e85e20774ccbdc816_dep.png" -Tcmapx -o "/home/esdentem/projects/libopencm3/libopencm3-git/doc/lpc17xx/html/dir_f9dfdb53076d236e85e20774ccbdc816_dep.map"'
Problems running dot: exit code=127, command='dot', arguments='"/home/esdentem/projects/libopencm3/libopencm3-git/doc/lpc17xx/html/dir_33c5f16cd77f7881097367e4c9351f70_dep.dot" -Tpng -o "/home/esdentem/projects/libopencm3/libopencm3-git/doc/lpc17xx/html/dir_33c5f16cd77f7881097367e4c9351f70_dep.png" -Tcmapx -o "/home/esdentem/projects/libopencm3/libopencm3-git/doc/lpc17xx/html/dir_33c5f16cd77f7881097367e4c9351f70_dep.map"'
error: problems opening map file /home/esdentem/projects/libopencm3/libopencm3-git/doc/lpc17xx/html/dir_d44c64559bbebec7f509842c48db8b23_dep.map for inclusion in the docs!
If you installed Graphviz/dot after a previous failing run, 
try deleting the output directory and rerun doxygen.
error: problems opening map file /home/esdentem/projects/libopencm3/libopencm3-git/doc/lpc17xx/html/dir_97aefd0d527b934f1d99a682da8fe6a9_dep.map for inclusion in the docs!
If you installed Graphviz/dot after a previous failing run, 
try deleting the output directory and rerun doxygen.
error: problems opening map file /home/esdentem/projects/libopencm3/libopencm3-git/doc/lpc17xx/html/dir_6a7820b97a7704ff85bcff20dea7ce23_dep.map for inclusion in the docs!
If you installed Graphviz/dot after a previous failing run, 
try deleting the output directory and rerun doxygen.
error: problems opening map file /home/esdentem/projects/libopencm3/libopencm3-git/doc/lpc17xx/html/dir_f9dfdb53076d236e85e20774ccbdc816_dep.map for inclusion in the docs!
If you installed Graphviz/dot after a previous failing run, 
try deleting the output directory and rerun doxygen.
error: problems opening map file /home/esdentem/projects/libopencm3/libopencm3-git/doc/lpc17xx/html/dir_33c5f16cd77f7881097367e4c9351f70_dep.map for inclusion in the docs!
If you installed Graphviz/dot after a previous failing run, 
try deleting the output directory and rerun doxygen.
